#! /usr/bin/vvp
:ivl_version "11.0 (stable)";
:ivl_delay_selection "TYPICAL";
:vpi_time_precision - 10;
:vpi_module "/usr/lib/x86_64-linux-gnu/ivl/system.vpi";
:vpi_module "/usr/lib/x86_64-linux-gnu/ivl/vhdl_sys.vpi";
:vpi_module "/usr/lib/x86_64-linux-gnu/ivl/vhdl_textio.vpi";
:vpi_module "/usr/lib/x86_64-linux-gnu/ivl/v2005_math.vpi";
:vpi_module "/usr/lib/x86_64-linux-gnu/ivl/va_math.vpi";
S_0x5647416e95e0 .scope module, "m_testbench" "m_testbench" 2 8;
 .timescale -9 -10;
v0x564741726170_0 .var "r_clk", 0 0;
v0x564741726230_0 .var "r_core_rst", 0 0;
v0x5647417262f0_0 .var "r_rst", 0 0;
v0x564741726390_0 .net "tmpdata", 31 0, v0x56474171a920_0;  1 drivers
o0x7f727d028538 .functor BUFZ 32, C4<zzzzzzzzzzzzzzzzzzzzzzzzzzzzzzzz>; HiZ drive
v0x564741726450_0 .net "w_d_addr", 31 0, o0x7f727d028538;  0 drivers
v0x564741726540_0 .net "w_d_data", 31 0, v0x56474171aa00_0;  1 drivers
o0x7f727d0261f8 .functor BUFZ 4, C4<zzzz>; HiZ drive
v0x564741726630_0 .net "w_d_we", 3 0, o0x7f727d0261f8;  0 drivers
v0x564741726740_0 .net "w_halt", 0 0, v0x564741723c90_0;  1 drivers
v0x5647417267e0_0 .net "w_i_addr", 31 0, v0x564741724150_0;  1 drivers
v0x564741726910_0 .net "w_i_data", 31 0, L_0x56474173e9c0;  1 drivers
v0x5647417269b0_0 .net "w_rout", 31 0, v0x564741724490_0;  1 drivers
o0x7f727d026138 .functor BUFZ 32, C4<zzzzzzzzzzzzzzzzzzzzzzzzzzzzzzzz>; HiZ drive
v0x564741726a70_0 .net "w_wd_data", 31 0, o0x7f727d026138;  0 drivers
L_0x56474173e740 .reduce/nor v0x564741726230_0;
L_0x56474173eac0 .part v0x564741724150_0, 2, 6;
L_0x56474173ec10 .reduce/nor v0x564741726230_0;
L_0x56474173ed30 .part o0x7f727d028538, 2, 6;
S_0x5647416e8ec0 .scope module, "dmem" "m_DMEM" 2 121, 2 145 0, S_0x5647416e95e0;
 .timescale -9 -10;
    .port_info 0 /INPUT 1 "CLK1";
    .port_info 1 /INPUT 1 "EN1";
    .port_info 2 /INPUT 4 "WE1";
    .port_info 3 /INPUT 6 "ADDR1";
    .port_info 4 /INPUT 32 "IDATA1";
    .port_info 5 /OUTPUT 32 "ODATA1";
    .port_info 6 /INPUT 1 "CLK2";
    .port_info 7 /INPUT 1 "EN2";
    .port_info 8 /INPUT 4 "WE2";
    .port_info 9 /INPUT 6 "ADDR2";
    .port_info 10 /INPUT 32 "IDATA2";
    .port_info 11 /OUTPUT 32 "ODATA2";
P_0x564741672a20 .param/l "ENTRY" 0 2 145, +C4<0000000000000000000000000000000000000000000000000000000001000000>;
P_0x564741672a60 .param/l "WIDTH" 0 2 145, +C4<00000000000000000000000000100000>;
L_0x7f727cfddb10 .functor BUFT 1, C4<000000>, C4<0>, C4<0>, C4<0>;
v0x5647416f9e90_0 .net "ADDR1", 5 0, L_0x7f727cfddb10;  1 drivers
v0x5647416fa560_0 .net "ADDR2", 5 0, L_0x56474173ed30;  1 drivers
v0x5647416fabc0_0 .net "CLK1", 0 0, v0x564741726170_0;  1 drivers
v0x5647416fb090_0 .net "CLK2", 0 0, v0x564741726170_0;  alias, 1 drivers
L_0x7f727cfdda80 .functor BUFT 1, C4<0>, C4<0>, C4<0>, C4<0>;
v0x5647416e7950_0 .net "EN1", 0 0, L_0x7f727cfdda80;  1 drivers
v0x5647416fc8d0_0 .net "EN2", 0 0, L_0x56474173ec10;  1 drivers
L_0x7f727cfddb58 .functor BUFT 1, C4<00000000000000000000000000000000>, C4<0>, C4<0>, C4<0>;
v0x5647416ff130_0 .net "IDATA1", 31 0, L_0x7f727cfddb58;  1 drivers
v0x56474171a840_0 .net "IDATA2", 31 0, o0x7f727d026138;  alias, 0 drivers
v0x56474171a920_0 .var "ODATA1", 31 0;
v0x56474171aa00_0 .var "ODATA2", 31 0;
L_0x7f727cfddac8 .functor BUFT 1, C4<0000>, C4<0>, C4<0>, C4<0>;
v0x56474171aae0_0 .net "WE1", 3 0, L_0x7f727cfddac8;  1 drivers
v0x56474171abc0_0 .net "WE2", 3 0, o0x7f727d0261f8;  alias, 0 drivers
v0x56474171aca0 .array "mem", 63 0, 31 0;
E_0x5647417035b0 .event posedge, v0x5647416fabc0_0;
S_0x5647416e9260 .scope module, "imem" "m_IMEM" 2 119, 2 129 0, S_0x5647416e95e0;
 .timescale -9 -10;
    .port_info 0 /INPUT 1 "CLK";
    .port_info 1 /INPUT 1 "WE";
    .port_info 2 /INPUT 6 "WADDR";
    .port_info 3 /INPUT 6 "RADDR";
    .port_info 4 /INPUT 32 "IDATA";
    .port_info 5 /OUTPUT 32 "ODATA";
P_0x564741703440 .param/l "ENTRY" 0 2 129, +C4<0000000000000000000000000000000000000000000000000000000001000000>;
P_0x564741703480 .param/l "WIDTH" 0 2 129, +C4<00000000000000000000000000100000>;
L_0x56474173e9c0 .functor BUFZ 32, L_0x56474173e7e0, C4<00000000000000000000000000000000>, C4<00000000000000000000000000000000>, C4<00000000000000000000000000000000>;
v0x56474171b120_0 .net "CLK", 0 0, v0x564741726170_0;  alias, 1 drivers
L_0x7f727cfdda38 .functor BUFT 1, C4<00000000000000000000000000000000>, C4<0>, C4<0>, C4<0>;
v0x56474171b210_0 .net "IDATA", 31 0, L_0x7f727cfdda38;  1 drivers
v0x56474171b2f0_0 .net "ODATA", 31 0, L_0x56474173e9c0;  alias, 1 drivers
v0x56474171b3b0_0 .net "RADDR", 5 0, L_0x56474173eac0;  1 drivers
L_0x7f727cfdd9f0 .functor BUFT 1, C4<000000>, C4<0>, C4<0>, C4<0>;
v0x56474171b490_0 .net "WADDR", 5 0, L_0x7f727cfdd9f0;  1 drivers
L_0x7f727cfdd9a8 .functor BUFT 1, C4<0>, C4<0>, C4<0>, C4<0>;
v0x56474171b5c0_0 .net "WE", 0 0, L_0x7f727cfdd9a8;  1 drivers
v0x56474171b680_0 .net *"_ivl_0", 31 0, L_0x56474173e7e0;  1 drivers
v0x56474171b760_0 .net *"_ivl_2", 7 0, L_0x56474173e880;  1 drivers
L_0x7f727cfdd960 .functor BUFT 1, C4<00>, C4<0>, C4<0>, C4<0>;
v0x56474171b840_0 .net *"_ivl_5", 1 0, L_0x7f727cfdd960;  1 drivers
v0x56474171b920 .array "mem", 63 0, 31 0;
L_0x56474173e7e0 .array/port v0x56474171b920, L_0x56474173e880;
L_0x56474173e880 .concat [ 6 2 0 0], L_0x56474173eac0, L_0x7f727cfdd960;
S_0x56474171baa0 .scope module, "p" "UltraSmall" 2 115, 3 7 0, S_0x5647416e95e0;
 .timescale 0 0;
    .port_info 0 /INPUT 1 "w_clk";
    .port_info 1 /INPUT 1 "w_rst_x";
    .port_info 2 /OUTPUT 32 "r_rout";
    .port_info 3 /OUTPUT 1 "r_halt";
    .port_info 4 /OUTPUT 32 "w_i_addr";
    .port_info 5 /OUTPUT 32 "w_d_addr";
    .port_info 6 /INPUT 32 "w_i_in";
    .port_info 7 /INPUT 32 "w_d_in";
    .port_info 8 /OUTPUT 32 "w_d_out";
    .port_info 9 /OUTPUT 4 "w_d_we";
L_0x5647416faf70 .functor BUFZ 32, L_0x56474173e9c0, C4<00000000000000000000000000000000>, C4<00000000000000000000000000000000>, C4<00000000000000000000000000000000>;
L_0x56474173dc00 .functor BUFZ 2, L_0x56474173e2c0, C4<00>, C4<00>, C4<00>;
L_0x56474173e5e0 .functor BUFZ 2, L_0x56474173e400, C4<00>, C4<00>, C4<00>;
v0x564741723740_0 .net *"_ivl_10", 31 0, L_0x56474173e360;  1 drivers
v0x564741723840_0 .var "r_alu_ctrl", 9 0;
v0x564741723920_0 .var "r_bmis", 0 0;
v0x5647417239f0_0 .var "r_bru_ctrl", 6 0;
v0x564741723ad0_0 .var "r_carry", 2 0;
v0x564741723bb0_0 .var "r_cnt", 5 0;
v0x564741723c90_0 .var "r_halt", 0 0;
v0x564741723d50_0 .var "r_imm", 31 0;
v0x564741723e30_0 .var "r_mem_we", 0 0;
v0x564741723ef0_0 .var "r_npc", 31 0;
v0x564741723fd0_0 .var "r_op_imm", 0 0;
v0x564741724090_0 .var "r_op_ld", 0 0;
v0x564741724150_0 .var "r_pc", 31 0;
v0x564741724230_0 .var "r_pc_we", 0 0;
v0x5647417242f0_0 .var "r_reg_we", 0 0;
v0x5647417243b0_0 .var "r_result", 31 0;
v0x564741724490_0 .var "r_rout", 31 0;
v0x564741724680_0 .var "r_rrs1", 31 0;
v0x564741724760_0 .var "r_rrs2", 31 0;
v0x564741724840_0 .var "r_rst", 0 0;
v0x564741724900_0 .var "r_shiftrega", 31 0;
v0x5647417249e0_0 .var "r_shiftregb", 31 0;
v0x564741724ac0_0 .var "r_state", 4 0;
v0x564741724ba0_0 .net "w_alu_ctrl", 9 0, v0x56474171fe90_0;  1 drivers
v0x564741724c60_0 .net "w_bru_ctrl", 6 0, v0x564741720050_0;  1 drivers
v0x564741724d30_0 .net "w_clk", 0 0, v0x564741726170_0;  alias, 1 drivers
v0x564741724dd0_0 .net "w_d_addr", 31 0, o0x7f727d028538;  alias, 0 drivers
v0x564741724e90_0 .net "w_d_in", 31 0, v0x56474171aa00_0;  alias, 1 drivers
v0x564741724f80_0 .net "w_d_out", 31 0, o0x7f727d026138;  alias, 0 drivers
v0x564741725050_0 .net "w_d_we", 3 0, o0x7f727d0261f8;  alias, 0 drivers
v0x564741725120_0 .net "w_i_addr", 31 0, v0x564741724150_0;  alias, 1 drivers
v0x5647417251e0_0 .net "w_i_in", 31 0, L_0x56474173e9c0;  alias, 1 drivers
v0x5647417252d0_0 .net "w_imm", 31 0, L_0x56474173ce70;  1 drivers
v0x5647417253a0_0 .net "w_in_shiftrega", 1 0, L_0x56474173dc00;  1 drivers
v0x564741725460_0 .net "w_in_shiftregb", 1 0, L_0x56474173e5e0;  1 drivers
v0x564741725540_0 .net "w_ir", 31 0, L_0x5647416faf70;  1 drivers
v0x564741725630_0 .net "w_mem_we", 0 0, L_0x5647416bf1a0;  1 drivers
v0x564741725700_0 .net "w_op", 6 0, L_0x56474173e6a0;  1 drivers
v0x5647417257a0_0 .net "w_op_imm", 0 0, L_0x56474173bd90;  1 drivers
v0x564741725870_0 .net "w_op_ld", 0 0, L_0x56474173bc50;  1 drivers
v0x564741725940_0 .net "w_rd", 4 0, L_0x56474173c110;  1 drivers
v0x5647417259e0_0 .net "w_reg_we", 0 0, L_0x5647416ff010;  1 drivers
v0x564741725a80_0 .net "w_rrs1", 31 0, L_0x56474173d5b0;  1 drivers
v0x564741725b50_0 .net "w_rrs1toshiftreg", 1 0, L_0x56474173e2c0;  1 drivers
v0x564741725bf0_0 .net "w_rrs2", 31 0, L_0x56474173de50;  1 drivers
v0x564741725ce0_0 .net "w_rrs2toshiftreg", 1 0, L_0x56474173e400;  1 drivers
v0x564741725da0_0 .net "w_rs1", 4 0, L_0x56474173c400;  1 drivers
v0x564741725e60_0 .net "w_rs2", 4 0, L_0x56474173c7a0;  1 drivers
v0x564741725f70_0 .net "w_rst_x", 0 0, L_0x56474173e740;  1 drivers
L_0x56474173e2c0 .ufunc/vec4 TD_m_testbench.p.f_mux_34to2, 2, v0x564741724680_0, v0x564741724ac0_0, v0x564741723bb0_0 (v0x564741721940_0, v0x564741721860_0, v0x564741721a00_0) S_0x5647417215d0;
L_0x56474173e360 .functor MUXZ 32, v0x564741724760_0, v0x564741723d50_0, v0x564741723fd0_0, C4<>;
L_0x56474173e400 .ufunc/vec4 TD_m_testbench.p.f_mux_34to2, 2, L_0x56474173e360, v0x564741724ac0_0, v0x564741723bb0_0 (v0x564741721940_0, v0x564741721860_0, v0x564741721a00_0) S_0x5647417215d0;
L_0x56474173e6a0 .part L_0x5647416faf70, 0, 7;
S_0x56474171bd30 .scope module, "decoder0" "decoder" 3 50, 3 276 0, S_0x56474171baa0;
 .timescale 0 0;
    .port_info 0 /INPUT 32 "w_ir";
    .port_info 1 /OUTPUT 5 "w_rd";
    .port_info 2 /OUTPUT 5 "w_rs1";
    .port_info 3 /OUTPUT 5 "w_rs2";
    .port_info 4 /OUTPUT 1 "w_mem_we";
    .port_info 5 /OUTPUT 1 "w_reg_we";
    .port_info 6 /OUTPUT 1 "w_op_ld";
    .port_info 7 /OUTPUT 1 "w_op_imm";
    .port_info 8 /OUTPUT 10 "r_alu_ctrl";
    .port_info 9 /OUTPUT 7 "r_bru_ctrl";
    .port_info 10 /OUTPUT 32 "w_imm";
L_0x5647417279d0 .functor OR 1, L_0x564741727a40, L_0x564741727b30, C4<0>, C4<0>;
L_0x5647416e7830 .functor OR 1, L_0x5647417279d0, L_0x564741727d40, C4<0>, C4<0>;
L_0x5647416ff010 .functor AND 1, L_0x56474173b4e0, L_0x56474173b840, C4<1>, C4<1>;
L_0x5647416bf1a0 .functor BUFZ 1, L_0x564741727100, C4<0>, C4<0>, C4<0>;
L_0x56474173cb00 .functor XOR 32, L_0x564741738160, L_0x564741738aa0, C4<00000000000000000000000000000000>, C4<00000000000000000000000000000000>;
L_0x56474173cc10 .functor XOR 32, L_0x56474173cb00, L_0x564741739660, C4<00000000000000000000000000000000>, C4<00000000000000000000000000000000>;
L_0x56474173cd60 .functor XOR 32, L_0x56474173cc10, L_0x56474173a2e0, C4<00000000000000000000000000000000>, C4<00000000000000000000000000000000>;
L_0x56474173ce70 .functor XOR 32, L_0x56474173cd60, L_0x56474173b000, C4<00000000000000000000000000000000>, C4<00000000000000000000000000000000>;
L_0x7f727cfdd3c0 .functor BUFT 1, C4<00000000000000000000000000000000>, C4<0>, C4<0>, C4<0>;
v0x56474171bf90_0 .net/2u *"_ivl_100", 31 0, L_0x7f727cfdd3c0;  1 drivers
v0x56474171c090_0 .net *"_ivl_105", 0 0, L_0x56474173a4b0;  1 drivers
v0x56474171c170_0 .net *"_ivl_106", 11 0, L_0x56474173a760;  1 drivers
v0x56474171c230_0 .net *"_ivl_109", 7 0, L_0x56474173a990;  1 drivers
v0x56474171c310_0 .net *"_ivl_11", 2 0, L_0x564741727060;  1 drivers
v0x56474171c440_0 .net *"_ivl_111", 0 0, L_0x56474173aa30;  1 drivers
v0x56474171c520_0 .net *"_ivl_113", 9 0, L_0x56474173ac20;  1 drivers
L_0x7f727cfdd408 .functor BUFT 1, C4<0>, C4<0>, C4<0>, C4<0>;
v0x56474171c600_0 .net/2u *"_ivl_114", 0 0, L_0x7f727cfdd408;  1 drivers
v0x56474171c6e0_0 .net *"_ivl_116", 31 0, L_0x56474173acc0;  1 drivers
L_0x7f727cfdd450 .functor BUFT 1, C4<00000000000000000000000000000000>, C4<0>, C4<0>, C4<0>;
v0x56474171c850_0 .net/2u *"_ivl_118", 31 0, L_0x7f727cfdd450;  1 drivers
L_0x7f727cfdd060 .functor BUFT 1, C4<010>, C4<0>, C4<0>, C4<0>;
v0x56474171c930_0 .net/2u *"_ivl_12", 2 0, L_0x7f727cfdd060;  1 drivers
v0x56474171ca10_0 .net *"_ivl_123", 4 0, L_0x56474173b190;  1 drivers
v0x56474171caf0_0 .net *"_ivl_124", 31 0, L_0x56474173b3a0;  1 drivers
L_0x7f727cfdd498 .functor BUFT 1, C4<000000000000000000000000000>, C4<0>, C4<0>, C4<0>;
v0x56474171cbd0_0 .net *"_ivl_127", 26 0, L_0x7f727cfdd498;  1 drivers
L_0x7f727cfdd4e0 .functor BUFT 1, C4<00000000000000000000000000000000>, C4<0>, C4<0>, C4<0>;
v0x56474171ccb0_0 .net/2u *"_ivl_128", 31 0, L_0x7f727cfdd4e0;  1 drivers
v0x56474171cd90_0 .net *"_ivl_130", 0 0, L_0x56474173b4e0;  1 drivers
v0x56474171ce50_0 .net *"_ivl_133", 3 0, L_0x56474173b7a0;  1 drivers
L_0x7f727cfdd528 .functor BUFT 1, C4<1000>, C4<0>, C4<0>, C4<0>;
v0x56474171cf30_0 .net/2u *"_ivl_134", 3 0, L_0x7f727cfdd528;  1 drivers
v0x56474171d010_0 .net *"_ivl_136", 0 0, L_0x56474173b840;  1 drivers
L_0x7f727cfdd570 .functor BUFT 1, C4<00000>, C4<0>, C4<0>, C4<0>;
v0x56474171d0d0_0 .net/2u *"_ivl_142", 4 0, L_0x7f727cfdd570;  1 drivers
L_0x7f727cfdd5b8 .functor BUFT 1, C4<00100>, C4<0>, C4<0>, C4<0>;
v0x56474171d1b0_0 .net/2u *"_ivl_146", 4 0, L_0x7f727cfdd5b8;  1 drivers
v0x56474171d290_0 .net *"_ivl_151", 4 0, L_0x56474173c070;  1 drivers
L_0x7f727cfdd600 .functor BUFT 1, C4<00000>, C4<0>, C4<0>, C4<0>;
v0x56474171d370_0 .net/2u *"_ivl_152", 4 0, L_0x7f727cfdd600;  1 drivers
v0x56474171d450_0 .net *"_ivl_159", 0 0, L_0x56474173c4a0;  1 drivers
L_0x7f727cfdd0a8 .functor BUFT 1, C4<11000>, C4<0>, C4<0>, C4<0>;
v0x56474171d510_0 .net/2u *"_ivl_16", 4 0, L_0x7f727cfdd0a8;  1 drivers
v0x56474171d5f0_0 .net *"_ivl_161", 4 0, L_0x56474173c700;  1 drivers
L_0x7f727cfdd648 .functor BUFT 1, C4<00000>, C4<0>, C4<0>, C4<0>;
v0x56474171d6d0_0 .net/2u *"_ivl_162", 4 0, L_0x7f727cfdd648;  1 drivers
v0x56474171d7b0_0 .net *"_ivl_166", 31 0, L_0x56474173cb00;  1 drivers
v0x56474171d890_0 .net *"_ivl_168", 31 0, L_0x56474173cc10;  1 drivers
v0x56474171d970_0 .net *"_ivl_170", 31 0, L_0x56474173cd60;  1 drivers
L_0x7f727cfdd0f0 .functor BUFT 1, C4<11011>, C4<0>, C4<0>, C4<0>;
v0x56474171da50_0 .net/2u *"_ivl_20", 4 0, L_0x7f727cfdd0f0;  1 drivers
v0x56474171db30_0 .net *"_ivl_25", 0 0, L_0x564741727550;  1 drivers
v0x56474171dc10_0 .net *"_ivl_27", 2 0, L_0x5647417275f0;  1 drivers
v0x56474171df00_0 .net *"_ivl_28", 3 0, L_0x564741727720;  1 drivers
L_0x7f727cfdd138 .functor BUFT 1, C4<0101>, C4<0>, C4<0>, C4<0>;
v0x56474171dfe0_0 .net/2u *"_ivl_30", 3 0, L_0x7f727cfdd138;  1 drivers
L_0x7f727cfdd180 .functor BUFT 1, C4<11001>, C4<0>, C4<0>, C4<0>;
v0x56474171e0c0_0 .net/2u *"_ivl_34", 4 0, L_0x7f727cfdd180;  1 drivers
v0x56474171e1a0_0 .net *"_ivl_36", 0 0, L_0x564741727a40;  1 drivers
L_0x7f727cfdd1c8 .functor BUFT 1, C4<00000>, C4<0>, C4<0>, C4<0>;
v0x56474171e260_0 .net/2u *"_ivl_38", 4 0, L_0x7f727cfdd1c8;  1 drivers
v0x56474171e340_0 .net *"_ivl_40", 0 0, L_0x564741727b30;  1 drivers
v0x56474171e400_0 .net *"_ivl_43", 0 0, L_0x5647417279d0;  1 drivers
L_0x7f727cfdd210 .functor BUFT 1, C4<00100>, C4<0>, C4<0>, C4<0>;
v0x56474171e4c0_0 .net/2u *"_ivl_44", 4 0, L_0x7f727cfdd210;  1 drivers
v0x56474171e5a0_0 .net *"_ivl_46", 0 0, L_0x564741727d40;  1 drivers
v0x56474171e660_0 .net *"_ivl_51", 19 0, L_0x564741727ed0;  1 drivers
L_0x7f727cfdd258 .functor BUFT 1, C4<000000000000>, C4<0>, C4<0>, C4<0>;
v0x56474171e740_0 .net/2u *"_ivl_52", 11 0, L_0x7f727cfdd258;  1 drivers
v0x56474171e820_0 .net *"_ivl_54", 31 0, L_0x564741738010;  1 drivers
L_0x7f727cfdd2a0 .functor BUFT 1, C4<00000000000000000000000000000000>, C4<0>, C4<0>, C4<0>;
v0x56474171e900_0 .net/2u *"_ivl_56", 31 0, L_0x7f727cfdd2a0;  1 drivers
L_0x7f727cfdd018 .functor BUFT 1, C4<01100>, C4<0>, C4<0>, C4<0>;
v0x56474171e9e0_0 .net/2u *"_ivl_6", 4 0, L_0x7f727cfdd018;  1 drivers
v0x56474171eac0_0 .net *"_ivl_61", 0 0, L_0x564741738390;  1 drivers
v0x56474171eba0_0 .net *"_ivl_62", 20 0, L_0x564741738430;  1 drivers
v0x56474171ec80_0 .net *"_ivl_65", 10 0, L_0x564741738200;  1 drivers
v0x56474171ed60_0 .net *"_ivl_66", 31 0, L_0x5647417388f0;  1 drivers
L_0x7f727cfdd2e8 .functor BUFT 1, C4<00000000000000000000000000000000>, C4<0>, C4<0>, C4<0>;
v0x56474171ee40_0 .net/2u *"_ivl_68", 31 0, L_0x7f727cfdd2e8;  1 drivers
v0x56474171ef20_0 .net *"_ivl_73", 0 0, L_0x564741738c30;  1 drivers
v0x56474171f000_0 .net *"_ivl_74", 20 0, L_0x564741738da0;  1 drivers
v0x56474171f0e0_0 .net *"_ivl_77", 5 0, L_0x5647417391b0;  1 drivers
v0x56474171f1c0_0 .net *"_ivl_79", 4 0, L_0x564741739330;  1 drivers
v0x56474171f2a0_0 .net *"_ivl_80", 31 0, L_0x5647417393d0;  1 drivers
L_0x7f727cfdd330 .functor BUFT 1, C4<00000000000000000000000000000000>, C4<0>, C4<0>, C4<0>;
v0x56474171f380_0 .net/2u *"_ivl_82", 31 0, L_0x7f727cfdd330;  1 drivers
v0x56474171f460_0 .net *"_ivl_87", 0 0, L_0x5647417397f0;  1 drivers
v0x56474171f540_0 .net *"_ivl_88", 19 0, L_0x564741739990;  1 drivers
v0x56474171f620_0 .net *"_ivl_91", 0 0, L_0x564741739c90;  1 drivers
v0x56474171f700_0 .net *"_ivl_93", 5 0, L_0x564741739e40;  1 drivers
v0x56474171f7e0_0 .net *"_ivl_95", 3 0, L_0x564741739ee0;  1 drivers
L_0x7f727cfdd378 .functor BUFT 1, C4<0>, C4<0>, C4<0>, C4<0>;
v0x56474171f8c0_0 .net/2u *"_ivl_96", 0 0, L_0x7f727cfdd378;  1 drivers
v0x56474171f9a0_0 .net *"_ivl_98", 31 0, L_0x56474173a0d0;  1 drivers
v0x56474171fe90_0 .var "r_alu_ctrl", 9 0;
v0x56474171ff70_0 .var "r_alu_ctrl0", 3 0;
v0x564741720050_0 .var "r_bru_ctrl", 6 0;
v0x564741720130_0 .net "w_b_type", 0 0, L_0x5647417272b0;  1 drivers
v0x5647417201f0_0 .net "w_funct3", 2 0, L_0x564741726ce0;  1 drivers
v0x5647417202d0_0 .net "w_funct7", 6 0, L_0x564741726e10;  1 drivers
v0x5647417203b0_0 .net "w_i_type", 0 0, L_0x5647416e7830;  1 drivers
v0x564741720470_0 .net "w_imm", 31 0, L_0x56474173ce70;  alias, 1 drivers
v0x564741720550_0 .net "w_imm_B", 31 0, L_0x56474173a2e0;  1 drivers
v0x564741720630_0 .net "w_imm_I", 31 0, L_0x564741738aa0;  1 drivers
v0x564741720710_0 .net "w_imm_J", 31 0, L_0x56474173b000;  1 drivers
v0x5647417207f0_0 .net "w_imm_S", 31 0, L_0x564741739660;  1 drivers
v0x5647417208d0_0 .net "w_imm_U", 31 0, L_0x564741738160;  1 drivers
v0x5647417209b0_0 .net "w_ir", 31 0, L_0x5647416faf70;  alias, 1 drivers
v0x564741720a90_0 .net "w_j_type", 0 0, L_0x5647417273e0;  1 drivers
v0x564741720b50_0 .net "w_mem_we", 0 0, L_0x5647416bf1a0;  alias, 1 drivers
v0x564741720c10_0 .net "w_op", 4 0, L_0x564741726c40;  1 drivers
v0x564741720cf0_0 .net "w_op_imm", 0 0, L_0x56474173bd90;  alias, 1 drivers
v0x564741720db0_0 .net "w_op_ld", 0 0, L_0x56474173bc50;  alias, 1 drivers
v0x564741720e70_0 .net "w_r_type", 0 0, L_0x564741726f10;  1 drivers
v0x564741720f30_0 .net "w_rd", 4 0, L_0x56474173c110;  alias, 1 drivers
v0x564741721010_0 .net "w_reg_we", 0 0, L_0x5647416ff010;  alias, 1 drivers
v0x5647417210d0_0 .net "w_rs1", 4 0, L_0x56474173c400;  alias, 1 drivers
v0x5647417211b0_0 .net "w_rs2", 4 0, L_0x56474173c7a0;  alias, 1 drivers
v0x564741721290_0 .net "w_s_type", 0 0, L_0x564741727100;  1 drivers
v0x564741721350_0 .net "w_u_type", 0 0, L_0x564741727890;  1 drivers
E_0x5647417035f0 .event edge, v0x564741720c10_0, v0x5647417201f0_0;
E_0x564741703630 .event edge, v0x56474171ff70_0;
E_0x564741703310 .event edge, v0x564741720c10_0, v0x5647417202d0_0, v0x5647417201f0_0;
L_0x564741726c40 .part L_0x5647416faf70, 2, 5;
L_0x564741726ce0 .part L_0x5647416faf70, 12, 3;
L_0x564741726e10 .part L_0x5647416faf70, 25, 7;
L_0x564741726f10 .cmp/eq 5, L_0x564741726c40, L_0x7f727cfdd018;
L_0x564741727060 .part L_0x564741726c40, 2, 3;
L_0x564741727100 .cmp/eq 3, L_0x564741727060, L_0x7f727cfdd060;
L_0x5647417272b0 .cmp/eq 5, L_0x564741726c40, L_0x7f727cfdd0a8;
L_0x5647417273e0 .cmp/eq 5, L_0x564741726c40, L_0x7f727cfdd0f0;
L_0x564741727550 .part L_0x564741726c40, 4, 1;
L_0x5647417275f0 .part L_0x564741726c40, 0, 3;
L_0x564741727720 .concat [ 3 1 0 0], L_0x5647417275f0, L_0x564741727550;
L_0x564741727890 .cmp/eq 4, L_0x564741727720, L_0x7f727cfdd138;
L_0x564741727a40 .cmp/eq 5, L_0x564741726c40, L_0x7f727cfdd180;
L_0x564741727b30 .cmp/eq 5, L_0x564741726c40, L_0x7f727cfdd1c8;
L_0x564741727d40 .cmp/eq 5, L_0x564741726c40, L_0x7f727cfdd210;
L_0x564741727ed0 .part L_0x5647416faf70, 12, 20;
L_0x564741738010 .concat [ 12 20 0 0], L_0x7f727cfdd258, L_0x564741727ed0;
L_0x564741738160 .functor MUXZ 32, L_0x7f727cfdd2a0, L_0x564741738010, L_0x564741727890, C4<>;
L_0x564741738390 .part L_0x5647416faf70, 31, 1;
LS_0x564741738430_0_0 .concat [ 1 1 1 1], L_0x564741738390, L_0x564741738390, L_0x564741738390, L_0x564741738390;
LS_0x564741738430_0_4 .concat [ 1 1 1 1], L_0x564741738390, L_0x564741738390, L_0x564741738390, L_0x564741738390;
LS_0x564741738430_0_8 .concat [ 1 1 1 1], L_0x564741738390, L_0x564741738390, L_0x564741738390, L_0x564741738390;
LS_0x564741738430_0_12 .concat [ 1 1 1 1], L_0x564741738390, L_0x564741738390, L_0x564741738390, L_0x564741738390;
LS_0x564741738430_0_16 .concat [ 1 1 1 1], L_0x564741738390, L_0x564741738390, L_0x564741738390, L_0x564741738390;
LS_0x564741738430_0_20 .concat [ 1 0 0 0], L_0x564741738390;
LS_0x564741738430_1_0 .concat [ 4 4 4 4], LS_0x564741738430_0_0, LS_0x564741738430_0_4, LS_0x564741738430_0_8, LS_0x564741738430_0_12;
LS_0x564741738430_1_4 .concat [ 4 1 0 0], LS_0x564741738430_0_16, LS_0x564741738430_0_20;
L_0x564741738430 .concat [ 16 5 0 0], LS_0x564741738430_1_0, LS_0x564741738430_1_4;
L_0x564741738200 .part L_0x5647416faf70, 20, 11;
L_0x5647417388f0 .concat [ 11 21 0 0], L_0x564741738200, L_0x564741738430;
L_0x564741738aa0 .functor MUXZ 32, L_0x7f727cfdd2e8, L_0x5647417388f0, L_0x5647416e7830, C4<>;
L_0x564741738c30 .part L_0x5647416faf70, 31, 1;
LS_0x564741738da0_0_0 .concat [ 1 1 1 1], L_0x564741738c30, L_0x564741738c30, L_0x564741738c30, L_0x564741738c30;
LS_0x564741738da0_0_4 .concat [ 1 1 1 1], L_0x564741738c30, L_0x564741738c30, L_0x564741738c30, L_0x564741738c30;
LS_0x564741738da0_0_8 .concat [ 1 1 1 1], L_0x564741738c30, L_0x564741738c30, L_0x564741738c30, L_0x564741738c30;
LS_0x564741738da0_0_12 .concat [ 1 1 1 1], L_0x564741738c30, L_0x564741738c30, L_0x564741738c30, L_0x564741738c30;
LS_0x564741738da0_0_16 .concat [ 1 1 1 1], L_0x564741738c30, L_0x564741738c30, L_0x564741738c30, L_0x564741738c30;
LS_0x564741738da0_0_20 .concat [ 1 0 0 0], L_0x564741738c30;
LS_0x564741738da0_1_0 .concat [ 4 4 4 4], LS_0x564741738da0_0_0, LS_0x564741738da0_0_4, LS_0x564741738da0_0_8, LS_0x564741738da0_0_12;
LS_0x564741738da0_1_4 .concat [ 4 1 0 0], LS_0x564741738da0_0_16, LS_0x564741738da0_0_20;
L_0x564741738da0 .concat [ 16 5 0 0], LS_0x564741738da0_1_0, LS_0x564741738da0_1_4;
L_0x5647417391b0 .part L_0x5647416faf70, 25, 6;
L_0x564741739330 .part L_0x5647416faf70, 7, 5;
L_0x5647417393d0 .concat [ 5 6 21 0], L_0x564741739330, L_0x5647417391b0, L_0x564741738da0;
L_0x564741739660 .functor MUXZ 32, L_0x7f727cfdd330, L_0x5647417393d0, L_0x564741727100, C4<>;
L_0x5647417397f0 .part L_0x5647416faf70, 31, 1;
LS_0x564741739990_0_0 .concat [ 1 1 1 1], L_0x5647417397f0, L_0x5647417397f0, L_0x5647417397f0, L_0x5647417397f0;
LS_0x564741739990_0_4 .concat [ 1 1 1 1], L_0x5647417397f0, L_0x5647417397f0, L_0x5647417397f0, L_0x5647417397f0;
LS_0x564741739990_0_8 .concat [ 1 1 1 1], L_0x5647417397f0, L_0x5647417397f0, L_0x5647417397f0, L_0x5647417397f0;
LS_0x564741739990_0_12 .concat [ 1 1 1 1], L_0x5647417397f0, L_0x5647417397f0, L_0x5647417397f0, L_0x5647417397f0;
LS_0x564741739990_0_16 .concat [ 1 1 1 1], L_0x5647417397f0, L_0x5647417397f0, L_0x5647417397f0, L_0x5647417397f0;
LS_0x564741739990_1_0 .concat [ 4 4 4 4], LS_0x564741739990_0_0, LS_0x564741739990_0_4, LS_0x564741739990_0_8, LS_0x564741739990_0_12;
LS_0x564741739990_1_4 .concat [ 4 0 0 0], LS_0x564741739990_0_16;
L_0x564741739990 .concat [ 16 4 0 0], LS_0x564741739990_1_0, LS_0x564741739990_1_4;
L_0x564741739c90 .part L_0x5647416faf70, 7, 1;
L_0x564741739e40 .part L_0x5647416faf70, 25, 6;
L_0x564741739ee0 .part L_0x5647416faf70, 8, 4;
LS_0x56474173a0d0_0_0 .concat [ 1 4 6 1], L_0x7f727cfdd378, L_0x564741739ee0, L_0x564741739e40, L_0x564741739c90;
LS_0x56474173a0d0_0_4 .concat [ 20 0 0 0], L_0x564741739990;
L_0x56474173a0d0 .concat [ 12 20 0 0], LS_0x56474173a0d0_0_0, LS_0x56474173a0d0_0_4;
L_0x56474173a2e0 .functor MUXZ 32, L_0x7f727cfdd3c0, L_0x56474173a0d0, L_0x5647417272b0, C4<>;
L_0x56474173a4b0 .part L_0x5647416faf70, 31, 1;
LS_0x56474173a760_0_0 .concat [ 1 1 1 1], L_0x56474173a4b0, L_0x56474173a4b0, L_0x56474173a4b0, L_0x56474173a4b0;
LS_0x56474173a760_0_4 .concat [ 1 1 1 1], L_0x56474173a4b0, L_0x56474173a4b0, L_0x56474173a4b0, L_0x56474173a4b0;
LS_0x56474173a760_0_8 .concat [ 1 1 1 1], L_0x56474173a4b0, L_0x56474173a4b0, L_0x56474173a4b0, L_0x56474173a4b0;
L_0x56474173a760 .concat [ 4 4 4 0], LS_0x56474173a760_0_0, LS_0x56474173a760_0_4, LS_0x56474173a760_0_8;
L_0x56474173a990 .part L_0x5647416faf70, 12, 8;
L_0x56474173aa30 .part L_0x5647416faf70, 20, 1;
L_0x56474173ac20 .part L_0x5647416faf70, 21, 10;
LS_0x56474173acc0_0_0 .concat [ 1 10 1 8], L_0x7f727cfdd408, L_0x56474173ac20, L_0x56474173aa30, L_0x56474173a990;
LS_0x56474173acc0_0_4 .concat [ 12 0 0 0], L_0x56474173a760;
L_0x56474173acc0 .concat [ 20 12 0 0], LS_0x56474173acc0_0_0, LS_0x56474173acc0_0_4;
L_0x56474173b000 .functor MUXZ 32, L_0x7f727cfdd450, L_0x56474173acc0, L_0x5647417273e0, C4<>;
L_0x56474173b190 .part L_0x5647416faf70, 7, 5;
L_0x56474173b3a0 .concat [ 5 27 0 0], L_0x56474173b190, L_0x7f727cfdd498;
L_0x56474173b4e0 .cmp/ne 32, L_0x56474173b3a0, L_0x7f727cfdd4e0;
L_0x56474173b7a0 .part L_0x564741726c40, 0, 4;
L_0x56474173b840 .cmp/ne 4, L_0x56474173b7a0, L_0x7f727cfdd528;
L_0x56474173bc50 .cmp/eq 5, L_0x564741726c40, L_0x7f727cfdd570;
L_0x56474173bd90 .cmp/eq 5, L_0x564741726c40, L_0x7f727cfdd5b8;
L_0x56474173c070 .part L_0x5647416faf70, 7, 5;
L_0x56474173c110 .functor MUXZ 5, L_0x7f727cfdd600, L_0x56474173c070, L_0x5647416ff010, C4<>;
L_0x56474173c400 .part L_0x5647416faf70, 15, 5;
L_0x56474173c4a0 .reduce/nor L_0x56474173bd90;
L_0x56474173c700 .part L_0x5647416faf70, 20, 5;
L_0x56474173c7a0 .functor MUXZ 5, L_0x7f727cfdd648, L_0x56474173c700, L_0x56474173c4a0, C4<>;
S_0x5647417215d0 .scope function.vec4.s2, "f_mux_34to2" "f_mux_34to2" 3 69, 3 69 0, S_0x56474171baa0;
 .timescale 0 0;
; Variable f_mux_34to2 is vec4 return value of scope S_0x5647417215d0
v0x564741721860_0 .var "w_en", 4 0;
v0x564741721940_0 .var "w_in", 31 0;
v0x564741721a00_0 .var "w_sel", 5 0;
TD_m_testbench.p.f_mux_34to2 ;
    %load/vec4 v0x564741721860_0;
    %cmpi/e 1, 0, 5;
    %jmp/0xz  T_0.0, 4;
    %load/vec4 v0x564741721a00_0;
    %dup/vec4;
    %pushi/vec4 1, 0, 6;
    %cmp/u;
    %jmp/1 T_0.2, 6;
    %dup/vec4;
    %pushi/vec4 2, 0, 6;
    %cmp/u;
    %jmp/1 T_0.3, 6;
    %dup/vec4;
    %pushi/vec4 3, 0, 6;
    %cmp/u;
    %jmp/1 T_0.4, 6;
    %dup/vec4;
    %pushi/vec4 4, 0, 6;
    %cmp/u;
    %jmp/1 T_0.5, 6;
    %dup/vec4;
    %pushi/vec4 5, 0, 6;
    %cmp/u;
    %jmp/1 T_0.6, 6;
    %dup/vec4;
    %pushi/vec4 6, 0, 6;
    %cmp/u;
    %jmp/1 T_0.7, 6;
    %dup/vec4;
    %pushi/vec4 7, 0, 6;
    %cmp/u;
    %jmp/1 T_0.8, 6;
    %dup/vec4;
    %pushi/vec4 8, 0, 6;
    %cmp/u;
    %jmp/1 T_0.9, 6;
    %dup/vec4;
    %pushi/vec4 9, 0, 6;
    %cmp/u;
    %jmp/1 T_0.10, 6;
    %dup/vec4;
    %pushi/vec4 10, 0, 6;
    %cmp/u;
    %jmp/1 T_0.11, 6;
    %dup/vec4;
    %pushi/vec4 11, 0, 6;
    %cmp/u;
    %jmp/1 T_0.12, 6;
    %dup/vec4;
    %pushi/vec4 12, 0, 6;
    %cmp/u;
    %jmp/1 T_0.13, 6;
    %dup/vec4;
    %pushi/vec4 13, 0, 6;
    %cmp/u;
    %jmp/1 T_0.14, 6;
    %dup/vec4;
    %pushi/vec4 14, 0, 6;
    %cmp/u;
    %jmp/1 T_0.15, 6;
    %dup/vec4;
    %pushi/vec4 15, 0, 6;
    %cmp/u;
    %jmp/1 T_0.16, 6;
    %dup/vec4;
    %pushi/vec4 16, 0, 6;
    %cmp/u;
    %jmp/1 T_0.17, 6;
    %pushi/vec4 3, 3, 2;
    %ret/vec4 0, 0, 2;  Assign to f_mux_34to2 (store_vec4_to_lval)
    %jmp T_0.19;
T_0.2 ;
    %load/vec4 v0x564741721940_0;
    %parti/s 2, 0, 2;
    %ret/vec4 0, 0, 2;  Assign to f_mux_34to2 (store_vec4_to_lval)
    %jmp T_0.19;
T_0.3 ;
    %load/vec4 v0x564741721940_0;
    %parti/s 2, 2, 3;
    %ret/vec4 0, 0, 2;  Assign to f_mux_34to2 (store_vec4_to_lval)
    %jmp T_0.19;
T_0.4 ;
    %load/vec4 v0x564741721940_0;
    %parti/s 2, 4, 4;
    %ret/vec4 0, 0, 2;  Assign to f_mux_34to2 (store_vec4_to_lval)
    %jmp T_0.19;
T_0.5 ;
    %load/vec4 v0x564741721940_0;
    %parti/s 2, 6, 4;
    %ret/vec4 0, 0, 2;  Assign to f_mux_34to2 (store_vec4_to_lval)
    %jmp T_0.19;
T_0.6 ;
    %load/vec4 v0x564741721940_0;
    %parti/s 2, 8, 5;
    %ret/vec4 0, 0, 2;  Assign to f_mux_34to2 (store_vec4_to_lval)
    %jmp T_0.19;
T_0.7 ;
    %load/vec4 v0x564741721940_0;
    %parti/s 2, 10, 5;
    %ret/vec4 0, 0, 2;  Assign to f_mux_34to2 (store_vec4_to_lval)
    %jmp T_0.19;
T_0.8 ;
    %load/vec4 v0x564741721940_0;
    %parti/s 2, 12, 5;
    %ret/vec4 0, 0, 2;  Assign to f_mux_34to2 (store_vec4_to_lval)
    %jmp T_0.19;
T_0.9 ;
    %load/vec4 v0x564741721940_0;
    %parti/s 2, 14, 5;
    %ret/vec4 0, 0, 2;  Assign to f_mux_34to2 (store_vec4_to_lval)
    %jmp T_0.19;
T_0.10 ;
    %load/vec4 v0x564741721940_0;
    %parti/s 2, 16, 6;
    %ret/vec4 0, 0, 2;  Assign to f_mux_34to2 (store_vec4_to_lval)
    %jmp T_0.19;
T_0.11 ;
    %load/vec4 v0x564741721940_0;
    %parti/s 2, 18, 6;
    %ret/vec4 0, 0, 2;  Assign to f_mux_34to2 (store_vec4_to_lval)
    %jmp T_0.19;
T_0.12 ;
    %load/vec4 v0x564741721940_0;
    %parti/s 2, 20, 6;
    %ret/vec4 0, 0, 2;  Assign to f_mux_34to2 (store_vec4_to_lval)
    %jmp T_0.19;
T_0.13 ;
    %load/vec4 v0x564741721940_0;
    %parti/s 2, 22, 6;
    %ret/vec4 0, 0, 2;  Assign to f_mux_34to2 (store_vec4_to_lval)
    %jmp T_0.19;
T_0.14 ;
    %load/vec4 v0x564741721940_0;
    %parti/s 2, 24, 6;
    %ret/vec4 0, 0, 2;  Assign to f_mux_34to2 (store_vec4_to_lval)
    %jmp T_0.19;
T_0.15 ;
    %load/vec4 v0x564741721940_0;
    %parti/s 2, 26, 6;
    %ret/vec4 0, 0, 2;  Assign to f_mux_34to2 (store_vec4_to_lval)
    %jmp T_0.19;
T_0.16 ;
    %load/vec4 v0x564741721940_0;
    %parti/s 2, 28, 6;
    %ret/vec4 0, 0, 2;  Assign to f_mux_34to2 (store_vec4_to_lval)
    %jmp T_0.19;
T_0.17 ;
    %load/vec4 v0x564741721940_0;
    %parti/s 2, 30, 6;
    %ret/vec4 0, 0, 2;  Assign to f_mux_34to2 (store_vec4_to_lval)
    %jmp T_0.19;
T_0.19 ;
    %pop/vec4 1;
    %jmp T_0.1;
T_0.0 ;
    %pushi/vec4 0, 0, 2;
    %ret/vec4 0, 0, 2;  Assign to f_mux_34to2 (store_vec4_to_lval)
T_0.1 ;
    %end;
S_0x564741721ae0 .scope module, "regfile0" "regfile" 3 52, 3 349 0, S_0x56474171baa0;
 .timescale 0 0;
    .port_info 0 /INPUT 1 "w_clk";
    .port_info 1 /INPUT 5 "w_rs1";
    .port_info 2 /INPUT 5 "w_rs2";
    .port_info 3 /OUTPUT 32 "w_rdata1";
    .port_info 4 /OUTPUT 32 "w_rdata2";
    .port_info 5 /INPUT 1 "w_we";
    .port_info 6 /INPUT 5 "w_rd";
    .port_info 7 /INPUT 32 "w_wdata";
v0x564741721de0_0 .net *"_ivl_0", 31 0, L_0x56474173d020;  1 drivers
v0x564741721ec0_0 .net *"_ivl_10", 0 0, L_0x56474173d200;  1 drivers
v0x564741721f80_0 .net *"_ivl_12", 31 0, L_0x56474173d2a0;  1 drivers
v0x564741722070_0 .net *"_ivl_14", 6 0, L_0x56474173d340;  1 drivers
L_0x7f727cfdd768 .functor BUFT 1, C4<00>, C4<0>, C4<0>, C4<0>;
v0x564741722150_0 .net *"_ivl_17", 1 0, L_0x7f727cfdd768;  1 drivers
v0x564741722280_0 .net *"_ivl_18", 31 0, L_0x56474173d430;  1 drivers
v0x564741722360_0 .net *"_ivl_22", 31 0, L_0x56474173d790;  1 drivers
L_0x7f727cfdd7b0 .functor BUFT 1, C4<000000000000000000000000000>, C4<0>, C4<0>, C4<0>;
v0x564741722440_0 .net *"_ivl_25", 26 0, L_0x7f727cfdd7b0;  1 drivers
L_0x7f727cfdd7f8 .functor BUFT 1, C4<00000000000000000000000000000000>, C4<0>, C4<0>, C4<0>;
v0x564741722520_0 .net/2u *"_ivl_26", 31 0, L_0x7f727cfdd7f8;  1 drivers
v0x564741722600_0 .net *"_ivl_28", 0 0, L_0x56474173d880;  1 drivers
L_0x7f727cfdd690 .functor BUFT 1, C4<000000000000000000000000000>, C4<0>, C4<0>, C4<0>;
v0x5647417226c0_0 .net *"_ivl_3", 26 0, L_0x7f727cfdd690;  1 drivers
L_0x7f727cfdd840 .functor BUFT 1, C4<00000000000000000000000000000000>, C4<0>, C4<0>, C4<0>;
v0x5647417227a0_0 .net/2u *"_ivl_30", 31 0, L_0x7f727cfdd840;  1 drivers
v0x564741722880_0 .net *"_ivl_32", 0 0, L_0x56474173d9c0;  1 drivers
v0x564741722940_0 .net *"_ivl_34", 31 0, L_0x56474173dac0;  1 drivers
v0x564741722a20_0 .net *"_ivl_36", 6 0, L_0x56474173db60;  1 drivers
L_0x7f727cfdd888 .functor BUFT 1, C4<00>, C4<0>, C4<0>, C4<0>;
v0x564741722b00_0 .net *"_ivl_39", 1 0, L_0x7f727cfdd888;  1 drivers
L_0x7f727cfdd6d8 .functor BUFT 1, C4<00000000000000000000000000000000>, C4<0>, C4<0>, C4<0>;
v0x564741722be0_0 .net/2u *"_ivl_4", 31 0, L_0x7f727cfdd6d8;  1 drivers
v0x564741722cc0_0 .net *"_ivl_40", 31 0, L_0x56474173dcc0;  1 drivers
v0x564741722da0_0 .net *"_ivl_6", 0 0, L_0x56474173d0c0;  1 drivers
L_0x7f727cfdd720 .functor BUFT 1, C4<00000000000000000000000000000000>, C4<0>, C4<0>, C4<0>;
v0x564741722e60_0 .net/2u *"_ivl_8", 31 0, L_0x7f727cfdd720;  1 drivers
v0x564741722f40 .array "mem", 31 0, 31 0;
v0x564741723000_0 .net "w_clk", 0 0, v0x564741726170_0;  alias, 1 drivers
v0x5647417230a0_0 .net "w_rd", 4 0, L_0x56474173c110;  alias, 1 drivers
v0x564741723160_0 .net "w_rdata1", 31 0, L_0x56474173d5b0;  alias, 1 drivers
v0x564741723220_0 .net "w_rdata2", 31 0, L_0x56474173de50;  alias, 1 drivers
v0x564741723300_0 .net "w_rs1", 4 0, L_0x56474173c400;  alias, 1 drivers
v0x5647417233f0_0 .net "w_rs2", 4 0, L_0x56474173c7a0;  alias, 1 drivers
L_0x7f727cfdd918 .functor BUFT 1, C4<00000000000000000000000000000000>, C4<0>, C4<0>, C4<0>;
v0x5647417234c0_0 .net "w_wdata", 31 0, L_0x7f727cfdd918;  1 drivers
L_0x7f727cfdd8d0 .functor BUFT 1, C4<0>, C4<0>, C4<0>, C4<0>;
v0x564741723580_0 .net "w_we", 0 0, L_0x7f727cfdd8d0;  1 drivers
L_0x56474173d020 .concat [ 5 27 0 0], L_0x56474173c400, L_0x7f727cfdd690;
L_0x56474173d0c0 .cmp/eq 32, L_0x56474173d020, L_0x7f727cfdd6d8;
L_0x56474173d200 .cmp/eq 5, L_0x56474173c400, L_0x56474173c110;
L_0x56474173d2a0 .array/port v0x564741722f40, L_0x56474173d340;
L_0x56474173d340 .concat [ 5 2 0 0], L_0x56474173c400, L_0x7f727cfdd768;
L_0x56474173d430 .functor MUXZ 32, L_0x56474173d2a0, L_0x7f727cfdd918, L_0x56474173d200, C4<>;
L_0x56474173d5b0 .functor MUXZ 32, L_0x56474173d430, L_0x7f727cfdd720, L_0x56474173d0c0, C4<>;
L_0x56474173d790 .concat [ 5 27 0 0], L_0x56474173c7a0, L_0x7f727cfdd7b0;
L_0x56474173d880 .cmp/eq 32, L_0x56474173d790, L_0x7f727cfdd7f8;
L_0x56474173d9c0 .cmp/eq 5, L_0x56474173c7a0, L_0x56474173c110;
L_0x56474173dac0 .array/port v0x564741722f40, L_0x56474173db60;
L_0x56474173db60 .concat [ 5 2 0 0], L_0x56474173c7a0, L_0x7f727cfdd888;
L_0x56474173dcc0 .functor MUXZ 32, L_0x56474173dac0, L_0x7f727cfdd918, L_0x56474173d9c0, C4<>;
L_0x56474173de50 .functor MUXZ 32, L_0x56474173dcc0, L_0x7f727cfdd840, L_0x56474173d880, C4<>;
    .scope S_0x56474171bd30;
T_1 ;
    %wait E_0x564741703310;
    %load/vec4 v0x564741720c10_0;
    %dup/vec4;
    %pushi/vec4 12, 0, 5;
    %cmp/u;
    %jmp/1 T_1.0, 6;
    %dup/vec4;
    %pushi/vec4 4, 0, 5;
    %cmp/u;
    %jmp/1 T_1.1, 6;
    %pushi/vec4 15, 0, 4;
    %store/vec4 v0x56474171ff70_0, 0, 4;
    %jmp T_1.3;
T_1.0 ;
    %load/vec4 v0x5647417202d0_0;
    %parti/s 1, 5, 4;
    %load/vec4 v0x5647417201f0_0;
    %concat/vec4; draw_concat_vec4
    %store/vec4 v0x56474171ff70_0, 0, 4;
    %jmp T_1.3;
T_1.1 ;
    %load/vec4 v0x5647417201f0_0;
    %cmpi/e 5, 0, 3;
    %flag_mov 8, 4;
    %jmp/0 T_1.4, 8;
    %load/vec4 v0x5647417202d0_0;
    %parti/s 1, 5, 4;
    %load/vec4 v0x5647417201f0_0;
    %concat/vec4; draw_concat_vec4
    %jmp/1 T_1.5, 8;
T_1.4 ; End of true expr.
    %pushi/vec4 0, 0, 1;
    %load/vec4 v0x5647417201f0_0;
    %concat/vec4; draw_concat_vec4
    %jmp/0 T_1.5, 8;
 ; End of false expr.
    %blend;
T_1.5;
    %store/vec4 v0x56474171ff70_0, 0, 4;
    %jmp T_1.3;
T_1.3 ;
    %pop/vec4 1;
    %jmp T_1;
    .thread T_1, $push;
    .scope S_0x56474171bd30;
T_2 ;
    %wait E_0x564741703630;
    %load/vec4 v0x56474171ff70_0;
    %dup/vec4;
    %pushi/vec4 0, 0, 4;
    %cmp/u;
    %jmp/1 T_2.0, 6;
    %dup/vec4;
    %pushi/vec4 8, 0, 4;
    %cmp/u;
    %jmp/1 T_2.1, 6;
    %dup/vec4;
    %pushi/vec4 4, 0, 4;
    %cmp/u;
    %jmp/1 T_2.2, 6;
    %dup/vec4;
    %pushi/vec4 6, 0, 4;
    %cmp/u;
    %jmp/1 T_2.3, 6;
    %dup/vec4;
    %pushi/vec4 7, 0, 4;
    %cmp/u;
    %jmp/1 T_2.4, 6;
    %dup/vec4;
    %pushi/vec4 1, 0, 4;
    %cmp/u;
    %jmp/1 T_2.5, 6;
    %dup/vec4;
    %pushi/vec4 5, 0, 4;
    %cmp/u;
    %jmp/1 T_2.6, 6;
    %pushi/vec4 0, 0, 10;
    %store/vec4 v0x56474171fe90_0, 0, 10;
    %jmp T_2.8;
T_2.0 ;
    %pushi/vec4 1, 0, 10;
    %store/vec4 v0x56474171fe90_0, 0, 10;
    %jmp T_2.8;
T_2.1 ;
    %pushi/vec4 2, 0, 10;
    %store/vec4 v0x56474171fe90_0, 0, 10;
    %jmp T_2.8;
T_2.2 ;
    %pushi/vec4 3, 0, 10;
    %store/vec4 v0x56474171fe90_0, 0, 10;
    %jmp T_2.8;
T_2.3 ;
    %pushi/vec4 4, 0, 10;
    %store/vec4 v0x56474171fe90_0, 0, 10;
    %jmp T_2.8;
T_2.4 ;
    %pushi/vec4 5, 0, 10;
    %store/vec4 v0x56474171fe90_0, 0, 10;
    %jmp T_2.8;
T_2.5 ;
    %pushi/vec4 6, 0, 10;
    %store/vec4 v0x56474171fe90_0, 0, 10;
    %jmp T_2.8;
T_2.6 ;
    %pushi/vec4 7, 0, 10;
    %store/vec4 v0x56474171fe90_0, 0, 10;
    %jmp T_2.8;
T_2.8 ;
    %pop/vec4 1;
    %jmp T_2;
    .thread T_2, $push;
    .scope S_0x56474171bd30;
T_3 ;
    %wait E_0x5647417035f0;
    %load/vec4 v0x564741720c10_0;
    %dup/vec4;
    %pushi/vec4 27, 0, 5;
    %cmp/u;
    %jmp/1 T_3.0, 6;
    %dup/vec4;
    %pushi/vec4 25, 0, 5;
    %cmp/u;
    %jmp/1 T_3.1, 6;
    %dup/vec4;
    %pushi/vec4 24, 0, 5;
    %cmp/u;
    %jmp/1 T_3.2, 6;
    %pushi/vec4 0, 0, 7;
    %store/vec4 v0x564741720050_0, 0, 7;
    %jmp T_3.4;
T_3.0 ;
    %pushi/vec4 64, 0, 7;
    %store/vec4 v0x564741720050_0, 0, 7;
    %jmp T_3.4;
T_3.1 ;
    %pushi/vec4 64, 0, 7;
    %store/vec4 v0x564741720050_0, 0, 7;
    %jmp T_3.4;
T_3.2 ;
    %load/vec4 v0x5647417201f0_0;
    %cmpi/e 0, 0, 3;
    %flag_mov 8, 4;
    %jmp/0 T_3.5, 8;
    %pushi/vec4 1, 0, 7;
    %jmp/1 T_3.6, 8;
T_3.5 ; End of true expr.
    %load/vec4 v0x5647417201f0_0;
    %cmpi/e 1, 0, 3;
    %flag_mov 9, 4;
    %jmp/0 T_3.7, 9;
    %pushi/vec4 2, 0, 7;
    %jmp/1 T_3.8, 9;
T_3.7 ; End of true expr.
    %load/vec4 v0x5647417201f0_0;
    %cmpi/e 4, 0, 3;
    %flag_mov 10, 4;
    %jmp/0 T_3.9, 10;
    %pushi/vec4 4, 0, 7;
    %jmp/1 T_3.10, 10;
T_3.9 ; End of true expr.
    %load/vec4 v0x5647417201f0_0;
    %cmpi/e 5, 0, 3;
    %flag_mov 11, 4;
    %jmp/0 T_3.11, 11;
    %pushi/vec4 8, 0, 7;
    %jmp/1 T_3.12, 11;
T_3.11 ; End of true expr.
    %load/vec4 v0x5647417201f0_0;
    %cmpi/e 6, 0, 3;
    %flag_mov 12, 4;
    %jmp/0 T_3.13, 12;
    %pushi/vec4 16, 0, 7;
    %jmp/1 T_3.14, 12;
T_3.13 ; End of true expr.
    %load/vec4 v0x5647417201f0_0;
    %cmpi/e 7, 0, 3;
    %flag_mov 13, 4;
    %jmp/0 T_3.15, 13;
    %pushi/vec4 32, 0, 7;
    %jmp/1 T_3.16, 13;
T_3.15 ; End of true expr.
    %pushi/vec4 0, 0, 7;
    %jmp/0 T_3.16, 13;
 ; End of false expr.
    %blend;
T_3.16;
    %jmp/0 T_3.14, 12;
 ; End of false expr.
    %blend;
T_3.14;
    %jmp/0 T_3.12, 11;
 ; End of false expr.
    %blend;
T_3.12;
    %jmp/0 T_3.10, 10;
 ; End of false expr.
    %blend;
T_3.10;
    %jmp/0 T_3.8, 9;
 ; End of false expr.
    %blend;
T_3.8;
    %jmp/0 T_3.6, 8;
 ; End of false expr.
    %blend;
T_3.6;
    %store/vec4 v0x564741720050_0, 0, 7;
    %jmp T_3.4;
T_3.4 ;
    %pop/vec4 1;
    %jmp T_3;
    .thread T_3, $push;
    .scope S_0x564741721ae0;
T_4 ;
    %wait E_0x5647417035b0;
    %load/vec4 v0x564741723580_0;
    %load/vec4 v0x5647417230a0_0;
    %pad/u 32;
    %pushi/vec4 0, 0, 32;
    %cmp/ne;
    %flag_get/vec4 4;
    %and;
    %flag_set/vec4 8;
    %jmp/0xz  T_4.0, 8;
    %load/vec4 v0x5647417234c0_0;
    %load/vec4 v0x5647417230a0_0;
    %pad/u 7;
    %ix/vec4 3;
    %ix/load 4, 0, 0; Constant delay
    %assign/vec4/a/d v0x564741722f40, 0, 4;
T_4.0 ;
    %jmp T_4;
    .thread T_4;
    .scope S_0x56474171baa0;
T_5 ;
    %pushi/vec4 0, 0, 32;
    %store/vec4 v0x564741724150_0, 0, 32;
    %pushi/vec4 0, 0, 32;
    %store/vec4 v0x564741723ef0_0, 0, 32;
    %pushi/vec4 0, 0, 1;
    %store/vec4 v0x564741724230_0, 0, 1;
    %pushi/vec4 0, 0, 5;
    %store/vec4 v0x564741724ac0_0, 0, 5;
    %pushi/vec4 1, 0, 6;
    %store/vec4 v0x564741723bb0_0, 0, 6;
    %pushi/vec4 0, 0, 32;
    %store/vec4 v0x564741724900_0, 0, 32;
    %pushi/vec4 4, 0, 32;
    %store/vec4 v0x5647417249e0_0, 0, 32;
    %pushi/vec4 0, 0, 3;
    %store/vec4 v0x564741723ad0_0, 0, 3;
    %pushi/vec4 0, 0, 32;
    %store/vec4 v0x5647417243b0_0, 0, 32;
    %pushi/vec4 0, 0, 1;
    %store/vec4 v0x564741723920_0, 0, 1;
    %end;
    .thread T_5;
    .scope S_0x56474171baa0;
T_6 ;
    %wait E_0x5647417035b0;
    %load/vec4 v0x564741725f70_0;
    %nor/r;
    %load/vec4 v0x564741723c90_0;
    %or;
    %assign/vec4 v0x564741724840_0, 0;
    %jmp T_6;
    .thread T_6;
    .scope S_0x56474171baa0;
T_7 ;
    %wait E_0x5647417035b0;
    %load/vec4 v0x564741724ac0_0;
    %cmpi/e 0, 0, 5;
    %jmp/0xz  T_7.0, 4;
    %load/vec4 v0x564741725a80_0;
    %assign/vec4 v0x564741724680_0, 0;
    %load/vec4 v0x564741725bf0_0;
    %assign/vec4 v0x564741724760_0, 0;
    %load/vec4 v0x564741725630_0;
    %assign/vec4 v0x564741723e30_0, 0;
    %load/vec4 v0x5647417259e0_0;
    %assign/vec4 v0x5647417242f0_0, 0;
    %load/vec4 v0x564741725870_0;
    %assign/vec4 v0x564741724090_0, 0;
    %load/vec4 v0x5647417257a0_0;
    %assign/vec4 v0x564741723fd0_0, 0;
    %load/vec4 v0x564741724ba0_0;
    %assign/vec4 v0x564741723840_0, 0;
    %load/vec4 v0x564741724c60_0;
    %assign/vec4 v0x5647417239f0_0, 0;
    %load/vec4 v0x5647417252d0_0;
    %assign/vec4 v0x564741723d50_0, 0;
    %pushi/vec4 1, 0, 5;
    %assign/vec4 v0x564741724ac0_0, 0;
T_7.0 ;
    %jmp T_7;
    .thread T_7;
    .scope S_0x56474171baa0;
T_8 ;
    %wait E_0x5647417035b0;
    %load/vec4 v0x564741724ac0_0;
    %cmpi/e 1, 0, 5;
    %jmp/0xz  T_8.0, 4;
    %load/vec4 v0x564741723bb0_0;
    %parti/s 1, 4, 4;
    %pad/u 32;
    %cmpi/e 0, 0, 32;
    %jmp/0xz  T_8.2, 4;
    %load/vec4 v0x564741724150_0;
    %parti/s 2, 0, 2;
    %pad/u 3;
    %load/vec4 v0x5647417249e0_0;
    %parti/s 2, 0, 2;
    %pad/u 3;
    %add;
    %load/vec4 v0x564741723ad0_0;
    %add;
    %load/vec4 v0x564741724150_0;
    %parti/s 30, 2, 3;
    %concat/vec4; draw_concat_vec4
    %pad/u 35;
    %split/vec4 32;
    %assign/vec4 v0x564741723ef0_0, 0;
    %assign/vec4 v0x564741723ad0_0, 0;
    %load/vec4 v0x5647417253a0_0;
    %load/vec4 v0x564741724900_0;
    %parti/s 30, 2, 3;
    %concat/vec4; draw_concat_vec4
    %assign/vec4 v0x564741724900_0, 0;
    %load/vec4 v0x564741725460_0;
    %load/vec4 v0x5647417249e0_0;
    %parti/s 30, 2, 3;
    %concat/vec4; draw_concat_vec4
    %assign/vec4 v0x5647417249e0_0, 0;
    %load/vec4 v0x564741723bb0_0;
    %addi 1, 0, 6;
    %assign/vec4 v0x564741723bb0_0, 0;
    %jmp T_8.3;
T_8.2 ;
    %load/vec4 v0x564741723ef0_0;
    %parti/s 2, 0, 2;
    %pad/u 3;
    %load/vec4 v0x5647417249e0_0;
    %parti/s 2, 0, 2;
    %pad/u 3;
    %add;
    %load/vec4 v0x564741723ad0_0;
    %add;
    %load/vec4 v0x564741723ef0_0;
    %parti/s 30, 2, 3;
    %concat/vec4; draw_concat_vec4
    %pad/u 35;
    %split/vec4 32;
    %assign/vec4 v0x564741723ef0_0, 0;
    %assign/vec4 v0x564741723ad0_0, 0;
    %load/vec4 v0x5647417253a0_0;
    %load/vec4 v0x564741724900_0;
    %parti/s 30, 2, 3;
    %concat/vec4; draw_concat_vec4
    %assign/vec4 v0x564741724900_0, 0;
    %load/vec4 v0x564741725460_0;
    %load/vec4 v0x5647417249e0_0;
    %parti/s 30, 2, 3;
    %concat/vec4; draw_concat_vec4
    %assign/vec4 v0x5647417249e0_0, 0;
    %pushi/vec4 1, 0, 6;
    %assign/vec4 v0x564741723bb0_0, 0;
    %pushi/vec4 0, 0, 3;
    %assign/vec4 v0x564741723ad0_0, 0;
    %pushi/vec4 2, 0, 5;
    %assign/vec4 v0x564741724ac0_0, 0;
T_8.3 ;
T_8.0 ;
    %jmp T_8;
    .thread T_8;
    .scope S_0x56474171baa0;
T_9 ;
    %wait E_0x5647417035b0;
    %load/vec4 v0x564741724ac0_0;
    %cmpi/e 2, 0, 5;
    %jmp/0xz  T_9.0, 4;
    %load/vec4 v0x564741723840_0;
    %pad/u 32;
    %pushi/vec4 0, 0, 32;
    %cmp/ne;
    %flag_get/vec4 4;
    %load/vec4 v0x564741723840_0;
    %pad/u 32;
    %pushi/vec4 6, 0, 32;
    %cmp/ne;
    %flag_get/vec4 4;
    %or;
    %load/vec4 v0x564741723840_0;
    %pad/u 32;
    %pushi/vec4 7, 0, 32;
    %cmp/ne;
    %flag_get/vec4 4;
    %or;
    %flag_set/vec4 8;
    %jmp/0xz  T_9.2, 8;
    %load/vec4 v0x564741723fd0_0;
    %flag_set/vec4 8;
    %jmp/0 T_9.4, 8;
    %pushi/vec4 4, 0, 5;
    %jmp/1 T_9.5, 8;
T_9.4 ; End of true expr.
    %pushi/vec4 3, 0, 5;
    %jmp/0 T_9.5, 8;
 ; End of false expr.
    %blend;
T_9.5;
    %assign/vec4 v0x564741724ac0_0, 0;
    %jmp T_9.3;
T_9.2 ;
    %load/vec4 v0x564741723840_0;
    %pad/u 32;
    %cmpi/e 6, 0, 32;
    %jmp/0xz  T_9.6, 4;
    %pushi/vec4 7, 0, 5;
    %assign/vec4 v0x564741724ac0_0, 0;
    %jmp T_9.7;
T_9.6 ;
    %load/vec4 v0x564741723840_0;
    %pad/u 32;
    %cmpi/e 7, 0, 32;
    %jmp/0xz  T_9.8, 4;
    %pushi/vec4 9, 0, 5;
    %assign/vec4 v0x564741724ac0_0, 0;
    %jmp T_9.9;
T_9.8 ;
    %load/vec4 v0x5647417239f0_0;
    %pad/u 32;
    %cmpi/ne 0, 0, 32;
    %jmp/0xz  T_9.10, 4;
    %pushi/vec4 5, 0, 5;
    %assign/vec4 v0x564741724ac0_0, 0;
T_9.10 ;
T_9.9 ;
T_9.7 ;
T_9.3 ;
T_9.0 ;
    %jmp T_9;
    .thread T_9;
    .scope S_0x56474171baa0;
T_10 ;
    %wait E_0x5647417035b0;
    %load/vec4 v0x564741724ac0_0;
    %cmpi/e 3, 0, 5;
    %jmp/0xz  T_10.0, 4;
    %load/vec4 v0x564741723bb0_0;
    %parti/s 1, 4, 4;
    %pad/u 32;
    %cmpi/e 0, 0, 32;
    %jmp/0xz  T_10.2, 4;
    %load/vec4 v0x564741723840_0;
    %dup/vec4;
    %pushi/vec4 1, 0, 10;
    %cmp/u;
    %jmp/1 T_10.4, 6;
    %dup/vec4;
    %pushi/vec4 2, 0, 10;
    %cmp/u;
    %jmp/1 T_10.5, 6;
    %dup/vec4;
    %pushi/vec4 3, 0, 10;
    %cmp/u;
    %jmp/1 T_10.6, 6;
    %dup/vec4;
    %pushi/vec4 4, 0, 10;
    %cmp/u;
    %jmp/1 T_10.7, 6;
    %dup/vec4;
    %pushi/vec4 5, 0, 10;
    %cmp/u;
    %jmp/1 T_10.8, 6;
    %pushi/vec4 0, 0, 2;
    %load/vec4 v0x564741724900_0;
    %parti/s 30, 2, 3;
    %concat/vec4; draw_concat_vec4
    %assign/vec4 v0x564741724900_0, 0;
    %jmp T_10.10;
T_10.4 ;
    %load/vec4 v0x564741724900_0;
    %parti/s 2, 0, 2;
    %pad/u 3;
    %load/vec4 v0x5647417249e0_0;
    %parti/s 2, 0, 2;
    %pad/u 3;
    %add;
    %load/vec4 v0x564741723ad0_0;
    %add;
    %load/vec4 v0x564741724900_0;
    %parti/s 30, 2, 3;
    %concat/vec4; draw_concat_vec4
    %pad/u 35;
    %split/vec4 32;
    %assign/vec4 v0x564741724900_0, 0;
    %assign/vec4 v0x564741723ad0_0, 0;
    %jmp T_10.10;
T_10.5 ;
    %load/vec4 v0x564741724900_0;
    %parti/s 2, 0, 2;
    %pad/u 3;
    %load/vec4 v0x5647417249e0_0;
    %parti/s 2, 0, 2;
    %pad/u 3;
    %sub;
    %load/vec4 v0x564741723ad0_0;
    %sub;
    %load/vec4 v0x564741724900_0;
    %parti/s 30, 2, 3;
    %concat/vec4; draw_concat_vec4
    %pad/u 35;
    %split/vec4 32;
    %assign/vec4 v0x564741724900_0, 0;
    %assign/vec4 v0x564741723ad0_0, 0;
    %jmp T_10.10;
T_10.6 ;
    %load/vec4 v0x564741724900_0;
    %parti/s 2, 0, 2;
    %load/vec4 v0x5647417249e0_0;
    %parti/s 2, 0, 2;
    %xor;
    %load/vec4 v0x564741724900_0;
    %parti/s 30, 2, 3;
    %concat/vec4; draw_concat_vec4
    %assign/vec4 v0x564741724900_0, 0;
    %jmp T_10.10;
T_10.7 ;
    %load/vec4 v0x564741724900_0;
    %parti/s 2, 0, 2;
    %load/vec4 v0x5647417249e0_0;
    %parti/s 2, 0, 2;
    %or;
    %load/vec4 v0x564741724900_0;
    %parti/s 30, 2, 3;
    %concat/vec4; draw_concat_vec4
    %assign/vec4 v0x564741724900_0, 0;
    %jmp T_10.10;
T_10.8 ;
    %load/vec4 v0x564741724900_0;
    %parti/s 2, 0, 2;
    %load/vec4 v0x5647417249e0_0;
    %parti/s 2, 0, 2;
    %and;
    %load/vec4 v0x564741724900_0;
    %parti/s 30, 2, 3;
    %concat/vec4; draw_concat_vec4
    %assign/vec4 v0x564741724900_0, 0;
    %jmp T_10.10;
T_10.10 ;
    %pop/vec4 1;
    %pushi/vec4 0, 0, 2;
    %load/vec4 v0x5647417249e0_0;
    %parti/s 30, 2, 3;
    %concat/vec4; draw_concat_vec4
    %assign/vec4 v0x5647417249e0_0, 0;
    %load/vec4 v0x564741723bb0_0;
    %addi 1, 0, 6;
    %assign/vec4 v0x564741723bb0_0, 0;
    %jmp T_10.3;
T_10.2 ;
    %load/vec4 v0x564741723840_0;
    %dup/vec4;
    %pushi/vec4 1, 0, 10;
    %cmp/u;
    %jmp/1 T_10.11, 6;
    %dup/vec4;
    %pushi/vec4 2, 0, 10;
    %cmp/u;
    %jmp/1 T_10.12, 6;
    %dup/vec4;
    %pushi/vec4 3, 0, 10;
    %cmp/u;
    %jmp/1 T_10.13, 6;
    %dup/vec4;
    %pushi/vec4 4, 0, 10;
    %cmp/u;
    %jmp/1 T_10.14, 6;
    %dup/vec4;
    %pushi/vec4 5, 0, 10;
    %cmp/u;
    %jmp/1 T_10.15, 6;
    %pushi/vec4 0, 0, 2;
    %load/vec4 v0x564741724900_0;
    %parti/s 30, 2, 3;
    %concat/vec4; draw_concat_vec4
    %assign/vec4 v0x564741724900_0, 0;
    %jmp T_10.17;
T_10.11 ;
    %load/vec4 v0x564741724900_0;
    %parti/s 2, 0, 2;
    %pad/u 3;
    %load/vec4 v0x5647417249e0_0;
    %parti/s 2, 0, 2;
    %pad/u 3;
    %add;
    %load/vec4 v0x564741723ad0_0;
    %add;
    %load/vec4 v0x564741724900_0;
    %parti/s 30, 2, 3;
    %concat/vec4; draw_concat_vec4
    %pad/u 35;
    %split/vec4 32;
    %assign/vec4 v0x564741724900_0, 0;
    %assign/vec4 v0x564741723ad0_0, 0;
    %jmp T_10.17;
T_10.12 ;
    %load/vec4 v0x564741724900_0;
    %parti/s 2, 0, 2;
    %pad/u 3;
    %load/vec4 v0x5647417249e0_0;
    %parti/s 2, 0, 2;
    %pad/u 3;
    %sub;
    %load/vec4 v0x564741723ad0_0;
    %sub;
    %load/vec4 v0x564741724900_0;
    %parti/s 30, 2, 3;
    %concat/vec4; draw_concat_vec4
    %pad/u 35;
    %split/vec4 32;
    %assign/vec4 v0x564741724900_0, 0;
    %assign/vec4 v0x564741723ad0_0, 0;
    %jmp T_10.17;
T_10.13 ;
    %load/vec4 v0x564741724900_0;
    %parti/s 2, 0, 2;
    %load/vec4 v0x5647417249e0_0;
    %parti/s 2, 0, 2;
    %xor;
    %load/vec4 v0x564741724900_0;
    %parti/s 30, 2, 3;
    %concat/vec4; draw_concat_vec4
    %assign/vec4 v0x564741724900_0, 0;
    %jmp T_10.17;
T_10.14 ;
    %load/vec4 v0x564741724900_0;
    %parti/s 2, 0, 2;
    %load/vec4 v0x5647417249e0_0;
    %parti/s 2, 0, 2;
    %or;
    %load/vec4 v0x564741724900_0;
    %parti/s 30, 2, 3;
    %concat/vec4; draw_concat_vec4
    %assign/vec4 v0x564741724900_0, 0;
    %jmp T_10.17;
T_10.15 ;
    %load/vec4 v0x564741724900_0;
    %parti/s 2, 0, 2;
    %load/vec4 v0x5647417249e0_0;
    %parti/s 2, 0, 2;
    %and;
    %load/vec4 v0x564741724900_0;
    %parti/s 30, 2, 3;
    %concat/vec4; draw_concat_vec4
    %assign/vec4 v0x564741724900_0, 0;
    %jmp T_10.17;
T_10.17 ;
    %pop/vec4 1;
    %pushi/vec4 0, 0, 2;
    %load/vec4 v0x5647417249e0_0;
    %parti/s 30, 2, 3;
    %concat/vec4; draw_concat_vec4
    %assign/vec4 v0x5647417249e0_0, 0;
    %pushi/vec4 18, 0, 5;
    %assign/vec4 v0x564741724ac0_0, 0;
    %pushi/vec4 1, 0, 6;
    %assign/vec4 v0x564741723bb0_0, 0;
T_10.3 ;
T_10.0 ;
    %jmp T_10;
    .thread T_10;
    .scope S_0x56474171baa0;
T_11 ;
    %wait E_0x5647417035b0;
    %load/vec4 v0x564741724ac0_0;
    %cmpi/e 4, 0, 5;
    %jmp/0xz  T_11.0, 4;
    %load/vec4 v0x564741723bb0_0;
    %parti/s 1, 4, 4;
    %pad/u 32;
    %cmpi/e 0, 0, 32;
    %jmp/0xz  T_11.2, 4;
    %load/vec4 v0x564741723840_0;
    %dup/vec4;
    %pushi/vec4 1, 0, 10;
    %cmp/u;
    %jmp/1 T_11.4, 6;
    %dup/vec4;
    %pushi/vec4 2, 0, 10;
    %cmp/u;
    %jmp/1 T_11.5, 6;
    %dup/vec4;
    %pushi/vec4 3, 0, 10;
    %cmp/u;
    %jmp/1 T_11.6, 6;
    %dup/vec4;
    %pushi/vec4 4, 0, 10;
    %cmp/u;
    %jmp/1 T_11.7, 6;
    %dup/vec4;
    %pushi/vec4 5, 0, 10;
    %cmp/u;
    %jmp/1 T_11.8, 6;
    %pushi/vec4 0, 0, 2;
    %load/vec4 v0x564741724900_0;
    %parti/s 30, 2, 3;
    %concat/vec4; draw_concat_vec4
    %assign/vec4 v0x564741724900_0, 0;
    %jmp T_11.10;
T_11.4 ;
    %load/vec4 v0x564741724900_0;
    %parti/s 2, 0, 2;
    %pad/u 3;
    %load/vec4 v0x5647417249e0_0;
    %parti/s 2, 0, 2;
    %pad/u 3;
    %add;
    %load/vec4 v0x564741723ad0_0;
    %add;
    %load/vec4 v0x564741724900_0;
    %parti/s 30, 2, 3;
    %concat/vec4; draw_concat_vec4
    %pad/u 35;
    %split/vec4 32;
    %assign/vec4 v0x564741724900_0, 0;
    %assign/vec4 v0x564741723ad0_0, 0;
    %jmp T_11.10;
T_11.5 ;
    %load/vec4 v0x564741724900_0;
    %parti/s 2, 0, 2;
    %pad/u 3;
    %load/vec4 v0x5647417249e0_0;
    %parti/s 2, 0, 2;
    %pad/u 3;
    %sub;
    %load/vec4 v0x564741723ad0_0;
    %sub;
    %load/vec4 v0x564741724900_0;
    %parti/s 30, 2, 3;
    %concat/vec4; draw_concat_vec4
    %pad/u 35;
    %split/vec4 32;
    %assign/vec4 v0x564741724900_0, 0;
    %assign/vec4 v0x564741723ad0_0, 0;
    %jmp T_11.10;
T_11.6 ;
    %load/vec4 v0x564741724900_0;
    %parti/s 2, 0, 2;
    %load/vec4 v0x5647417249e0_0;
    %parti/s 2, 0, 2;
    %xor;
    %load/vec4 v0x564741724900_0;
    %parti/s 30, 2, 3;
    %concat/vec4; draw_concat_vec4
    %assign/vec4 v0x564741724900_0, 0;
    %jmp T_11.10;
T_11.7 ;
    %load/vec4 v0x564741724900_0;
    %parti/s 2, 0, 2;
    %load/vec4 v0x5647417249e0_0;
    %parti/s 2, 0, 2;
    %or;
    %load/vec4 v0x564741724900_0;
    %parti/s 30, 2, 3;
    %concat/vec4; draw_concat_vec4
    %assign/vec4 v0x564741724900_0, 0;
    %jmp T_11.10;
T_11.8 ;
    %load/vec4 v0x564741724900_0;
    %parti/s 2, 0, 2;
    %load/vec4 v0x5647417249e0_0;
    %parti/s 2, 0, 2;
    %and;
    %load/vec4 v0x564741724900_0;
    %parti/s 30, 2, 3;
    %concat/vec4; draw_concat_vec4
    %assign/vec4 v0x564741724900_0, 0;
    %jmp T_11.10;
T_11.10 ;
    %pop/vec4 1;
    %pushi/vec4 0, 0, 2;
    %load/vec4 v0x5647417249e0_0;
    %parti/s 30, 2, 3;
    %concat/vec4; draw_concat_vec4
    %assign/vec4 v0x5647417249e0_0, 0;
    %load/vec4 v0x564741723bb0_0;
    %addi 1, 0, 6;
    %assign/vec4 v0x564741723bb0_0, 0;
    %jmp T_11.3;
T_11.2 ;
    %load/vec4 v0x564741723840_0;
    %dup/vec4;
    %pushi/vec4 1, 0, 10;
    %cmp/u;
    %jmp/1 T_11.11, 6;
    %dup/vec4;
    %pushi/vec4 2, 0, 10;
    %cmp/u;
    %jmp/1 T_11.12, 6;
    %dup/vec4;
    %pushi/vec4 3, 0, 10;
    %cmp/u;
    %jmp/1 T_11.13, 6;
    %dup/vec4;
    %pushi/vec4 4, 0, 10;
    %cmp/u;
    %jmp/1 T_11.14, 6;
    %dup/vec4;
    %pushi/vec4 5, 0, 10;
    %cmp/u;
    %jmp/1 T_11.15, 6;
    %pushi/vec4 0, 0, 2;
    %load/vec4 v0x564741724900_0;
    %parti/s 30, 2, 3;
    %concat/vec4; draw_concat_vec4
    %assign/vec4 v0x564741724900_0, 0;
    %jmp T_11.17;
T_11.11 ;
    %load/vec4 v0x564741724900_0;
    %parti/s 2, 0, 2;
    %pad/u 3;
    %load/vec4 v0x5647417249e0_0;
    %parti/s 2, 0, 2;
    %pad/u 3;
    %add;
    %load/vec4 v0x564741723ad0_0;
    %add;
    %load/vec4 v0x564741724900_0;
    %parti/s 30, 2, 3;
    %concat/vec4; draw_concat_vec4
    %pad/u 35;
    %split/vec4 32;
    %assign/vec4 v0x564741724900_0, 0;
    %assign/vec4 v0x564741723ad0_0, 0;
    %jmp T_11.17;
T_11.12 ;
    %load/vec4 v0x564741724900_0;
    %parti/s 2, 0, 2;
    %pad/u 3;
    %load/vec4 v0x5647417249e0_0;
    %parti/s 2, 0, 2;
    %pad/u 3;
    %sub;
    %load/vec4 v0x564741723ad0_0;
    %sub;
    %load/vec4 v0x564741724900_0;
    %parti/s 30, 2, 3;
    %concat/vec4; draw_concat_vec4
    %pad/u 35;
    %split/vec4 32;
    %assign/vec4 v0x564741724900_0, 0;
    %assign/vec4 v0x564741723ad0_0, 0;
    %jmp T_11.17;
T_11.13 ;
    %load/vec4 v0x564741724900_0;
    %parti/s 2, 0, 2;
    %load/vec4 v0x5647417249e0_0;
    %parti/s 2, 0, 2;
    %xor;
    %load/vec4 v0x564741724900_0;
    %parti/s 30, 2, 3;
    %concat/vec4; draw_concat_vec4
    %assign/vec4 v0x564741724900_0, 0;
    %jmp T_11.17;
T_11.14 ;
    %load/vec4 v0x564741724900_0;
    %parti/s 2, 0, 2;
    %load/vec4 v0x5647417249e0_0;
    %parti/s 2, 0, 2;
    %or;
    %load/vec4 v0x564741724900_0;
    %parti/s 30, 2, 3;
    %concat/vec4; draw_concat_vec4
    %assign/vec4 v0x564741724900_0, 0;
    %jmp T_11.17;
T_11.15 ;
    %load/vec4 v0x564741724900_0;
    %parti/s 2, 0, 2;
    %load/vec4 v0x5647417249e0_0;
    %parti/s 2, 0, 2;
    %and;
    %load/vec4 v0x564741724900_0;
    %parti/s 30, 2, 3;
    %concat/vec4; draw_concat_vec4
    %assign/vec4 v0x564741724900_0, 0;
    %jmp T_11.17;
T_11.17 ;
    %pop/vec4 1;
    %pushi/vec4 0, 0, 2;
    %load/vec4 v0x5647417249e0_0;
    %parti/s 30, 2, 3;
    %concat/vec4; draw_concat_vec4
    %assign/vec4 v0x5647417249e0_0, 0;
    %pushi/vec4 18, 0, 5;
    %assign/vec4 v0x564741724ac0_0, 0;
    %pushi/vec4 1, 0, 6;
    %assign/vec4 v0x564741723bb0_0, 0;
T_11.3 ;
T_11.0 ;
    %jmp T_11;
    .thread T_11;
    .scope S_0x56474171baa0;
T_12 ;
    %wait E_0x5647417035b0;
    %load/vec4 v0x564741724ac0_0;
    %cmpi/e 18, 0, 5;
    %jmp/0xz  T_12.0, 4;
    %load/vec4 v0x564741724900_0;
    %assign/vec4 v0x5647417243b0_0, 0;
    %pushi/vec4 0, 0, 32;
    %assign/vec4 v0x564741724900_0, 0;
    %pushi/vec4 0, 0, 5;
    %assign/vec4 v0x564741724ac0_0, 0;
T_12.0 ;
    %jmp T_12;
    .thread T_12;
    .scope S_0x56474171baa0;
T_13 ;
    %wait E_0x5647417035b0;
    %load/vec4 v0x564741724840_0;
    %flag_set/vec4 8;
    %jmp/0xz  T_13.0, 8;
    %pushi/vec4 0, 0, 1;
    %assign/vec4 v0x564741723c90_0, 0;
    %jmp T_13.1;
T_13.0 ;
    %load/vec4 v0x564741725700_0;
    %cmpi/e 127, 0, 7;
    %jmp/0xz  T_13.2, 4;
    %pushi/vec4 1, 0, 1;
    %assign/vec4 v0x564741723c90_0, 0;
T_13.2 ;
T_13.1 ;
    %jmp T_13;
    .thread T_13;
    .scope S_0x56474171baa0;
T_14 ;
    %wait E_0x5647417035b0;
    %load/vec4 v0x564741724840_0;
    %flag_set/vec4 8;
    %jmp/0xz  T_14.0, 8;
    %pushi/vec4 0, 0, 32;
    %assign/vec4 v0x564741724490_0, 0;
    %jmp T_14.1;
T_14.0 ;
    %load/vec4 v0x564741724490_0;
    %assign/vec4 v0x564741724490_0, 0;
T_14.1 ;
    %jmp T_14;
    .thread T_14;
    .scope S_0x5647416e9260;
T_15 ;
    %wait E_0x5647417035b0;
    %load/vec4 v0x56474171b5c0_0;
    %flag_set/vec4 8;
    %jmp/0xz  T_15.0, 8;
    %load/vec4 v0x56474171b210_0;
    %load/vec4 v0x56474171b490_0;
    %pad/u 8;
    %ix/vec4 3;
    %ix/load 4, 0, 0; Constant delay
    %assign/vec4/a/d v0x56474171b920, 0, 4;
T_15.0 ;
    %jmp T_15;
    .thread T_15;
    .scope S_0x5647416e8ec0;
T_16 ;
    %wait E_0x5647417035b0;
    %load/vec4 v0x5647416e7950_0;
    %flag_set/vec4 8;
    %jmp/0xz  T_16.0, 8;
    %load/vec4 v0x56474171aae0_0;
    %parti/s 1, 0, 2;
    %flag_set/vec4 8;
    %jmp/0xz  T_16.2, 8;
    %load/vec4 v0x5647416ff130_0;
    %parti/s 8, 0, 2;
    %load/vec4 v0x5647416f9e90_0;
    %pad/u 8;
    %ix/vec4 3;
    %ix/load 4, 0, 0; Constant delay
    %assign/vec4/a/d v0x56474171aca0, 0, 4;
T_16.2 ;
    %load/vec4 v0x56474171aae0_0;
    %parti/s 1, 1, 2;
    %flag_set/vec4 8;
    %jmp/0xz  T_16.4, 8;
    %load/vec4 v0x5647416ff130_0;
    %parti/s 8, 8, 5;
    %load/vec4 v0x5647416f9e90_0;
    %pad/u 8;
    %ix/vec4 3;
    %ix/load 4, 8, 0; part off
    %ix/load 5, 0, 0; Constant delay
    %assign/vec4/a/d v0x56474171aca0, 4, 5;
T_16.4 ;
    %load/vec4 v0x56474171aae0_0;
    %parti/s 1, 2, 3;
    %flag_set/vec4 8;
    %jmp/0xz  T_16.6, 8;
    %load/vec4 v0x5647416ff130_0;
    %parti/s 8, 16, 6;
    %load/vec4 v0x5647416f9e90_0;
    %pad/u 8;
    %ix/vec4 3;
    %ix/load 4, 16, 0; part off
    %ix/load 5, 0, 0; Constant delay
    %assign/vec4/a/d v0x56474171aca0, 4, 5;
T_16.6 ;
    %load/vec4 v0x56474171aae0_0;
    %parti/s 1, 3, 3;
    %flag_set/vec4 8;
    %jmp/0xz  T_16.8, 8;
    %load/vec4 v0x5647416ff130_0;
    %parti/s 8, 24, 6;
    %load/vec4 v0x5647416f9e90_0;
    %pad/u 8;
    %ix/vec4 3;
    %ix/load 4, 24, 0; part off
    %ix/load 5, 0, 0; Constant delay
    %assign/vec4/a/d v0x56474171aca0, 4, 5;
T_16.8 ;
    %load/vec4 v0x5647416f9e90_0;
    %pad/u 8;
    %ix/vec4 4;
    %load/vec4a v0x56474171aca0, 4;
    %assign/vec4 v0x56474171a920_0, 0;
T_16.0 ;
    %jmp T_16;
    .thread T_16;
    .scope S_0x5647416e8ec0;
T_17 ;
    %wait E_0x5647417035b0;
    %load/vec4 v0x5647416fc8d0_0;
    %flag_set/vec4 8;
    %jmp/0xz  T_17.0, 8;
    %load/vec4 v0x56474171abc0_0;
    %parti/s 1, 0, 2;
    %flag_set/vec4 8;
    %jmp/0xz  T_17.2, 8;
    %load/vec4 v0x56474171a840_0;
    %parti/s 8, 0, 2;
    %load/vec4 v0x5647416fa560_0;
    %pad/u 8;
    %ix/vec4 3;
    %ix/load 4, 0, 0; Constant delay
    %assign/vec4/a/d v0x56474171aca0, 0, 4;
T_17.2 ;
    %load/vec4 v0x56474171abc0_0;
    %parti/s 1, 1, 2;
    %flag_set/vec4 8;
    %jmp/0xz  T_17.4, 8;
    %load/vec4 v0x56474171a840_0;
    %parti/s 8, 8, 5;
    %load/vec4 v0x5647416fa560_0;
    %pad/u 8;
    %ix/vec4 3;
    %ix/load 4, 8, 0; part off
    %ix/load 5, 0, 0; Constant delay
    %assign/vec4/a/d v0x56474171aca0, 4, 5;
T_17.4 ;
    %load/vec4 v0x56474171abc0_0;
    %parti/s 1, 2, 3;
    %flag_set/vec4 8;
    %jmp/0xz  T_17.6, 8;
    %load/vec4 v0x56474171a840_0;
    %parti/s 8, 16, 6;
    %load/vec4 v0x5647416fa560_0;
    %pad/u 8;
    %ix/vec4 3;
    %ix/load 4, 16, 0; part off
    %ix/load 5, 0, 0; Constant delay
    %assign/vec4/a/d v0x56474171aca0, 4, 5;
T_17.6 ;
    %load/vec4 v0x56474171abc0_0;
    %parti/s 1, 3, 3;
    %flag_set/vec4 8;
    %jmp/0xz  T_17.8, 8;
    %load/vec4 v0x56474171a840_0;
    %parti/s 8, 24, 6;
    %load/vec4 v0x5647416fa560_0;
    %pad/u 8;
    %ix/vec4 3;
    %ix/load 4, 24, 0; part off
    %ix/load 5, 0, 0; Constant delay
    %assign/vec4/a/d v0x56474171aca0, 4, 5;
T_17.8 ;
    %load/vec4 v0x5647416fa560_0;
    %pad/u 8;
    %ix/vec4 4;
    %load/vec4a v0x56474171aca0, 4;
    %assign/vec4 v0x56474171aa00_0, 0;
T_17.0 ;
    %jmp T_17;
    .thread T_17;
    .scope S_0x5647416e95e0;
T_18 ;
    %pushi/vec4 0, 0, 1;
    %store/vec4 v0x564741726170_0, 0, 1;
    %pushi/vec4 0, 0, 1;
    %store/vec4 v0x5647417262f0_0, 0, 1;
    %end;
    .thread T_18;
    .scope S_0x5647416e95e0;
T_19 ;
T_19.0 ;
    %delay 500, 0;
    %load/vec4 v0x564741726170_0;
    %inv;
    %store/vec4 v0x564741726170_0, 0, 1;
    %jmp T_19.0;
    %end;
    .thread T_19;
    .scope S_0x5647416e95e0;
T_20 ;
    %wait E_0x5647417035b0;
    %load/vec4 v0x5647417262f0_0;
    %pushi/vec4 0, 0, 1;
    %or;
    %assign/vec4 v0x564741726230_0, 0;
    %jmp T_20;
    .thread T_20;
    .scope S_0x5647416e95e0;
T_21 ;
    %pushi/vec4 13664659, 0, 32;
    %ix/load 4, 0, 0;
    %flag_set/imm 4, 0;
    %store/vec4a v0x56474171b920, 4, 0;
    %pushi/vec4 13, 0, 32;
    %ix/load 4, 1, 0;
    %flag_set/imm 4, 0;
    %store/vec4a v0x564741722f40, 4, 0;
    %pushi/vec4 15, 0, 32;
    %ix/load 4, 2, 0;
    %flag_set/imm 4, 0;
    %store/vec4a v0x564741722f40, 4, 0;
    %pushi/vec4 0, 0, 32;
    %ix/load 4, 4, 0;
    %flag_set/imm 4, 0;
    %store/vec4a v0x564741722f40, 4, 0;
    %pushi/vec4 0, 0, 32;
    %ix/load 4, 5, 0;
    %flag_set/imm 4, 0;
    %store/vec4a v0x564741722f40, 4, 0;
    %end;
    .thread T_21;
    .scope S_0x5647416e95e0;
T_22 ;
    %wait E_0x5647417035b0;
    %vpi_call 2 102 "$write", "%4d r_state:%b\012", $time, v0x564741724ac0_0 {0 0 0};
    %vpi_call 2 103 "$write", "shitregA:%b\012shitregB:%b\012", v0x564741724900_0, v0x5647417249e0_0 {0 0 0};
    %jmp T_22;
    .thread T_22;
    .scope S_0x5647416e95e0;
T_23 ;
    %delay 70000, 0;
    %vpi_call 2 113 "$finish" {0 0 0};
    %end;
    .thread T_23;
# The file index is used to find the file name in the following table.
:file_names 4;
    "N/A";
    "<interactive>";
    "tb.v";
    "proc.v";
