#! /usr/bin/vvp
:ivl_version "11.0 (stable)";
:ivl_delay_selection "TYPICAL";
:vpi_time_precision + 0;
:vpi_module "/usr/lib/x86_64-linux-gnu/ivl/system.vpi";
:vpi_module "/usr/lib/x86_64-linux-gnu/ivl/vhdl_sys.vpi";
:vpi_module "/usr/lib/x86_64-linux-gnu/ivl/vhdl_textio.vpi";
:vpi_module "/usr/lib/x86_64-linux-gnu/ivl/v2005_math.vpi";
:vpi_module "/usr/lib/x86_64-linux-gnu/ivl/va_math.vpi";
S_0x56514974a930 .scope module, "m_testbench" "m_testbench" 2 7;
 .timescale 0 0;
v0x56514976ea90_0 .var "r_clk", 0 0;
v0x56514976eb50_0 .var "r_core_rst", 0 0;
v0x56514976ec10_0 .var "r_rst", 0 0;
v0x56514976ecb0_0 .net "tmpdata", 31 0, v0x565149761ca0_0;  1 drivers
o0x7f6d034b79e8 .functor BUFZ 32, C4<zzzzzzzzzzzzzzzzzzzzzzzzzzzzzzzz>; HiZ drive
v0x56514976ed70_0 .net "w_d_addr", 31 0, o0x7f6d034b79e8;  0 drivers
v0x56514976ee60_0 .net "w_d_data", 31 0, v0x565149761d80_0;  1 drivers
o0x7f6d034b51f8 .functor BUFZ 4, C4<zzzz>; HiZ drive
v0x56514976ef50_0 .net "w_d_we", 3 0, o0x7f6d034b51f8;  0 drivers
v0x56514976f060_0 .net "w_halt", 0 0, v0x56514976c540_0;  1 drivers
v0x56514976f100_0 .net "w_i_addr", 31 0, L_0x56514977f9b0;  1 drivers
v0x56514976f230_0 .net "w_i_data", 31 0, L_0x565149787670;  1 drivers
v0x56514976f2d0_0 .net "w_rout", 31 0, v0x56514976cc60_0;  1 drivers
o0x7f6d034b5138 .functor BUFZ 32, C4<zzzzzzzzzzzzzzzzzzzzzzzzzzzzzzzz>; HiZ drive
v0x56514976f390_0 .net "w_wd_data", 31 0, o0x7f6d034b5138;  0 drivers
L_0x565149787fc0 .reduce/nor v0x56514976eb50_0;
L_0x565149788240 .part L_0x56514977f9b0, 2, 6;
L_0x565149788330 .reduce/nor v0x56514976eb50_0;
L_0x565149788420 .part o0x7f6d034b79e8, 2, 6;
S_0x565149706f10 .scope module, "dmem" "m_DMEM" 2 92, 2 116 0, S_0x56514974a930;
 .timescale 0 0;
    .port_info 0 /INPUT 1 "CLK1";
    .port_info 1 /INPUT 1 "EN1";
    .port_info 2 /INPUT 4 "WE1";
    .port_info 3 /INPUT 6 "ADDR1";
    .port_info 4 /INPUT 32 "IDATA1";
    .port_info 5 /OUTPUT 32 "ODATA1";
    .port_info 6 /INPUT 1 "CLK2";
    .port_info 7 /INPUT 1 "EN2";
    .port_info 8 /INPUT 4 "WE2";
    .port_info 9 /INPUT 6 "ADDR2";
    .port_info 10 /INPUT 32 "IDATA2";
    .port_info 11 /OUTPUT 32 "ODATA2";
P_0x5651496b0260 .param/l "ENTRY" 0 2 116, +C4<0000000000000000000000000000000000000000000000000000000001000000>;
P_0x5651496b02a0 .param/l "WIDTH" 0 2 116, +C4<00000000000000000000000000100000>;
L_0x7f6d0346ce28 .functor BUFT 1, C4<000000>, C4<0>, C4<0>, C4<0>;
v0x56514973fa40_0 .net "ADDR1", 5 0, L_0x7f6d0346ce28;  1 drivers
v0x565149740110_0 .net "ADDR2", 5 0, L_0x565149788420;  1 drivers
v0x565149740770_0 .net "CLK1", 0 0, v0x56514976ea90_0;  1 drivers
v0x565149740c40_0 .net "CLK2", 0 0, v0x56514976ea90_0;  alias, 1 drivers
L_0x7f6d0346cd98 .functor BUFT 1, C4<0>, C4<0>, C4<0>, C4<0>;
v0x56514972c650_0 .net "EN1", 0 0, L_0x7f6d0346cd98;  1 drivers
v0x565149742630_0 .net "EN2", 0 0, L_0x565149788330;  1 drivers
L_0x7f6d0346ce70 .functor BUFT 1, C4<00000000000000000000000000000000>, C4<0>, C4<0>, C4<0>;
v0x565149744f30_0 .net "IDATA1", 31 0, L_0x7f6d0346ce70;  1 drivers
v0x565149761bc0_0 .net "IDATA2", 31 0, o0x7f6d034b5138;  alias, 0 drivers
v0x565149761ca0_0 .var "ODATA1", 31 0;
v0x565149761d80_0 .var "ODATA2", 31 0;
L_0x7f6d0346cde0 .functor BUFT 1, C4<0000>, C4<0>, C4<0>, C4<0>;
v0x565149761e60_0 .net "WE1", 3 0, L_0x7f6d0346cde0;  1 drivers
v0x565149761f40_0 .net "WE2", 3 0, o0x7f6d034b51f8;  alias, 0 drivers
v0x565149762020 .array "mem", 63 0, 31 0;
E_0x56514974c810 .event posedge, v0x565149740770_0;
S_0x56514970ea70 .scope module, "imem" "m_IMEM" 2 90, 2 100 0, S_0x56514974a930;
 .timescale 0 0;
    .port_info 0 /INPUT 1 "CLK";
    .port_info 1 /INPUT 1 "WE";
    .port_info 2 /INPUT 6 "WADDR";
    .port_info 3 /INPUT 6 "RADDR";
    .port_info 4 /INPUT 32 "IDATA";
    .port_info 5 /OUTPUT 32 "ODATA";
P_0x565149749f60 .param/l "ENTRY" 0 2 100, +C4<0000000000000000000000000000000000000000000000000000000001000000>;
P_0x565149749fa0 .param/l "WIDTH" 0 2 100, +C4<00000000000000000000000000100000>;
L_0x565149787670 .functor BUFZ 32, L_0x565149788060, C4<00000000000000000000000000000000>, C4<00000000000000000000000000000000>, C4<00000000000000000000000000000000>;
v0x5651497624a0_0 .net "CLK", 0 0, v0x56514976ea90_0;  alias, 1 drivers
L_0x7f6d0346cd50 .functor BUFT 1, C4<00000000000000000000000000000000>, C4<0>, C4<0>, C4<0>;
v0x565149762590_0 .net "IDATA", 31 0, L_0x7f6d0346cd50;  1 drivers
v0x565149762670_0 .net "ODATA", 31 0, L_0x565149787670;  alias, 1 drivers
v0x565149762730_0 .net "RADDR", 5 0, L_0x565149788240;  1 drivers
L_0x7f6d0346cd08 .functor BUFT 1, C4<000000>, C4<0>, C4<0>, C4<0>;
v0x565149762810_0 .net "WADDR", 5 0, L_0x7f6d0346cd08;  1 drivers
L_0x7f6d0346ccc0 .functor BUFT 1, C4<0>, C4<0>, C4<0>, C4<0>;
v0x565149762940_0 .net "WE", 0 0, L_0x7f6d0346ccc0;  1 drivers
v0x565149762a00_0 .net *"_ivl_0", 31 0, L_0x565149788060;  1 drivers
v0x565149762ae0_0 .net *"_ivl_2", 7 0, L_0x565149788100;  1 drivers
L_0x7f6d0346cc78 .functor BUFT 1, C4<00>, C4<0>, C4<0>, C4<0>;
v0x565149762bc0_0 .net *"_ivl_5", 1 0, L_0x7f6d0346cc78;  1 drivers
v0x565149762ca0 .array "mem", 63 0, 31 0;
L_0x565149788060 .array/port v0x565149762ca0, L_0x565149788100;
L_0x565149788100 .concat [ 6 2 0 0], L_0x565149788240, L_0x7f6d0346cc78;
S_0x565149762e20 .scope module, "p" "UltraSmall" 2 86, 3 7 0, S_0x56514974a930;
 .timescale 0 0;
    .port_info 0 /INPUT 1 "w_clk";
    .port_info 1 /INPUT 1 "w_rst_x";
    .port_info 2 /OUTPUT 32 "r_rout";
    .port_info 3 /OUTPUT 1 "r_halt";
    .port_info 4 /OUTPUT 32 "w_i_addr";
    .port_info 5 /OUTPUT 32 "w_d_addr";
    .port_info 6 /INPUT 32 "w_i_in";
    .port_info 7 /INPUT 32 "w_d_in";
    .port_info 8 /OUTPUT 32 "w_d_out";
    .port_info 9 /OUTPUT 4 "w_d_we";
L_0x56514972c530 .functor BUFZ 32, L_0x565149787670, C4<00000000000000000000000000000000>, C4<00000000000000000000000000000000>, C4<00000000000000000000000000000000>;
L_0x7f6d0346c018 .functor BUFT 1, C4<000000000000000100>, C4<0>, C4<0>, C4<0>;
v0x56514976bbd0_0 .net/2u *"_ivl_0", 17 0, L_0x7f6d0346c018;  1 drivers
L_0x7f6d0346c060 .functor BUFT 1, C4<00000000000000>, C4<0>, C4<0>, C4<0>;
v0x56514976bcd0_0 .net *"_ivl_13", 13 0, L_0x7f6d0346c060;  1 drivers
L_0x7f6d0346cc30 .functor BUFT 1, C4<0000001>, C4<0>, C4<0>, C4<0>;
v0x56514976bdb0_0 .net/2u *"_ivl_20", 6 0, L_0x7f6d0346cc30;  1 drivers
v0x56514976bea0_0 .net *"_ivl_22", 0 0, L_0x565149787b20;  1 drivers
v0x56514976bf60_0 .net *"_ivl_25", 0 0, L_0x565149787c50;  1 drivers
v0x56514976c020_0 .net *"_ivl_5", 17 0, L_0x56514977f600;  1 drivers
v0x56514976c100_0 .var "r_alu_ctrl", 9 0;
v0x56514976c1e0_0 .var "r_bmis", 0 0;
v0x56514976c2a0_0 .var "r_bru_ctrl", 6 0;
v0x56514976c380_0 .var "r_carry", 1 0;
v0x56514976c460_0 .var "r_cnt", 5 0;
v0x56514976c540_0 .var "r_halt", 0 0;
v0x56514976c600_0 .var "r_imm", 31 0;
v0x56514976c6e0_0 .var "r_mem_we", 0 0;
v0x56514976c7a0_0 .var "r_op_im", 0 0;
v0x56514976c860_0 .var "r_op_ld", 0 0;
v0x56514976c920_0 .var "r_pc", 17 0;
v0x56514976ca00_0 .var "r_pc_we", 0 0;
v0x56514976cac0_0 .var "r_reg_we", 0 0;
v0x56514976cb80_0 .var "r_result", 31 0;
v0x56514976cc60_0 .var "r_rout", 31 0;
v0x56514976cd40_0 .var "r_rrs1", 31 0;
v0x56514976ce20_0 .var "r_rrs2", 31 0;
v0x56514976cf00_0 .var "r_rst", 0 0;
v0x56514976cfc0_0 .var "r_shiftrega", 31 0;
v0x56514976d0a0_0 .var "r_shiftregb", 31 0;
v0x56514976d180_0 .var "r_state", 4 0;
v0x56514976d260_0 .net "w_alu_ctrl", 9 0, v0x565149766140_0;  1 drivers
v0x56514976d320_0 .net "w_bmis", 0 0, L_0x565149787cf0;  1 drivers
v0x56514976d3c0_0 .net "w_bru_ctrl", 6 0, v0x5651497662e0_0;  1 drivers
v0x56514976d4b0_0 .net "w_clk", 0 0, v0x56514976ea90_0;  alias, 1 drivers
v0x56514976d550_0 .net "w_d_addr", 31 0, o0x7f6d034b79e8;  alias, 0 drivers
v0x56514976d610_0 .net "w_d_in", 31 0, v0x565149761d80_0;  alias, 1 drivers
v0x56514976d910_0 .net "w_d_out", 31 0, o0x7f6d034b5138;  alias, 0 drivers
v0x56514976d9e0_0 .net "w_d_we", 3 0, o0x7f6d034b51f8;  alias, 0 drivers
v0x56514976dab0_0 .net "w_i_addr", 31 0, L_0x56514977f9b0;  alias, 1 drivers
v0x56514976db70_0 .net "w_i_in", 31 0, L_0x565149787670;  alias, 1 drivers
v0x56514976dc60_0 .net "w_imm", 31 0, L_0x5651497868f0;  1 drivers
v0x56514976dd30_0 .net "w_ir", 31 0, L_0x56514972c530;  1 drivers
v0x56514976ddd0_0 .net "w_mem_we", 0 0, L_0x5651496febf0;  1 drivers
v0x56514976de70_0 .net "w_npc", 17 0, L_0x56514977f840;  1 drivers
v0x56514976df30_0 .net "w_op", 6 0, L_0x565149787f20;  1 drivers
v0x56514976e010_0 .net "w_op_im", 0 0, L_0x565149781520;  1 drivers
v0x56514976e0e0_0 .net "w_op_ld", 0 0, L_0x5651497813e0;  1 drivers
v0x56514976e1b0_0 .net "w_pc4", 17 0, L_0x56514977f4b0;  1 drivers
v0x56514976e250_0 .net "w_pc_true", 17 0, L_0x56514977f6d0;  1 drivers
v0x56514976e330_0 .net "w_rd", 4 0, L_0x565149781710;  1 drivers
v0x56514976e3f0_0 .net "w_reg_we", 0 0, L_0x565149780840;  1 drivers
v0x56514976e490_0 .net "w_rrs1", 31 0, L_0x565149787020;  1 drivers
v0x56514976e560_0 .net "w_rrs2", 31 0, L_0x5651497878c0;  1 drivers
v0x56514976e630_0 .net "w_rs1", 4 0, L_0x565149781910;  1 drivers
v0x56514976e720_0 .net "w_rs2", 4 0, L_0x565149781de0;  1 drivers
v0x56514976e830_0 .net "w_rst_x", 0 0, L_0x565149787fc0;  1 drivers
L_0x56514977f4b0 .arith/sum 18, v0x56514976c920_0, L_0x7f6d0346c018;
L_0x56514977f600 .part v0x56514976c600_0, 0, 18;
L_0x56514977f6d0 .arith/sum 18, v0x56514976c920_0, L_0x56514977f600;
L_0x56514977f840 .functor MUXZ 18, L_0x56514977f4b0, L_0x56514977f6d0, L_0x565149787cf0, C4<>;
L_0x56514977f9b0 .concat [ 18 14 0 0], v0x56514976c920_0, L_0x7f6d0346c060;
L_0x565149787b20 .cmp/eeq 7, v0x56514976c2a0_0, L_0x7f6d0346cc30;
L_0x565149787c50 .reduce/nor v0x56514976c1e0_0;
L_0x565149787cf0 .functor MUXZ 1, v0x56514976c1e0_0, L_0x565149787c50, L_0x565149787b20, C4<>;
L_0x565149787f20 .part L_0x56514972c530, 0, 7;
S_0x5651497630b0 .scope module, "decoder_id0" "decoder_id" 3 63, 3 276 0, S_0x565149762e20;
 .timescale 0 0;
    .port_info 0 /INPUT 32 "ir";
    .port_info 1 /OUTPUT 10 "alu_ctrl";
    .port_info 2 /OUTPUT 7 "bru_ctrl";
    .port_info 3 /OUTPUT 32 "imm";
L_0x565149782b40 .functor OR 1, L_0x565149782bb0, L_0x565149782db0, C4<0>, C4<0>;
L_0x565149747a60 .functor OR 1, L_0x565149782b40, L_0x565149782ff0, C4<0>, C4<0>;
L_0x5651497865c0 .functor XOR 32, L_0x565149783420, L_0x565149783d60, C4<00000000000000000000000000000000>, C4<00000000000000000000000000000000>;
L_0x5651497866d0 .functor XOR 32, L_0x5651497865c0, L_0x565149784a20, C4<00000000000000000000000000000000>, C4<00000000000000000000000000000000>;
L_0x5651497867e0 .functor XOR 32, L_0x5651497866d0, L_0x5651497856a0, C4<00000000000000000000000000000000>, C4<00000000000000000000000000000000>;
L_0x5651497868f0 .functor XOR 32, L_0x5651497867e0, L_0x565149786430, C4<00000000000000000000000000000000>, C4<00000000000000000000000000000000>;
L_0x7f6d0346c888 .functor BUFT 1, C4<00000000000000000000000000000000>, C4<0>, C4<0>, C4<0>;
v0x565149763310_0 .net/2u *"_ivl_100", 31 0, L_0x7f6d0346c888;  1 drivers
v0x565149763410_0 .net *"_ivl_105", 0 0, L_0x565149785870;  1 drivers
v0x5651497634f0_0 .net *"_ivl_106", 11 0, L_0x565149785910;  1 drivers
v0x5651497635b0_0 .net *"_ivl_109", 7 0, L_0x565149785bb0;  1 drivers
v0x565149763690_0 .net *"_ivl_11", 2 0, L_0x565149782370;  1 drivers
v0x5651497637c0_0 .net *"_ivl_111", 0 0, L_0x565149785c50;  1 drivers
v0x5651497638a0_0 .net *"_ivl_113", 9 0, L_0x565149785e40;  1 drivers
L_0x7f6d0346c8d0 .functor BUFT 1, C4<0>, C4<0>, C4<0>, C4<0>;
v0x565149763980_0 .net/2u *"_ivl_114", 0 0, L_0x7f6d0346c8d0;  1 drivers
v0x565149763a60_0 .net *"_ivl_116", 31 0, L_0x565149785ee0;  1 drivers
L_0x7f6d0346c918 .functor BUFT 1, C4<00000000000000000000000000000000>, C4<0>, C4<0>, C4<0>;
v0x565149763bd0_0 .net/2u *"_ivl_118", 31 0, L_0x7f6d0346c918;  1 drivers
L_0x7f6d0346c528 .functor BUFT 1, C4<010>, C4<0>, C4<0>, C4<0>;
v0x565149763cb0_0 .net/2u *"_ivl_12", 2 0, L_0x7f6d0346c528;  1 drivers
v0x565149763d90_0 .net *"_ivl_122", 31 0, L_0x5651497865c0;  1 drivers
v0x565149763e70_0 .net *"_ivl_124", 31 0, L_0x5651497866d0;  1 drivers
v0x565149763f50_0 .net *"_ivl_126", 31 0, L_0x5651497867e0;  1 drivers
L_0x7f6d0346c570 .functor BUFT 1, C4<11000>, C4<0>, C4<0>, C4<0>;
v0x565149764030_0 .net/2u *"_ivl_16", 4 0, L_0x7f6d0346c570;  1 drivers
L_0x7f6d0346c5b8 .functor BUFT 1, C4<11011>, C4<0>, C4<0>, C4<0>;
v0x565149764110_0 .net/2u *"_ivl_20", 4 0, L_0x7f6d0346c5b8;  1 drivers
v0x5651497641f0_0 .net *"_ivl_25", 0 0, L_0x565149782770;  1 drivers
v0x5651497642d0_0 .net *"_ivl_27", 2 0, L_0x565149782810;  1 drivers
v0x5651497643b0_0 .net *"_ivl_28", 3 0, L_0x565149782910;  1 drivers
L_0x7f6d0346c600 .functor BUFT 1, C4<0101>, C4<0>, C4<0>, C4<0>;
v0x565149764490_0 .net/2u *"_ivl_30", 3 0, L_0x7f6d0346c600;  1 drivers
L_0x7f6d0346c648 .functor BUFT 1, C4<11001>, C4<0>, C4<0>, C4<0>;
v0x565149764570_0 .net/2u *"_ivl_34", 4 0, L_0x7f6d0346c648;  1 drivers
v0x565149764650_0 .net *"_ivl_36", 0 0, L_0x565149782bb0;  1 drivers
L_0x7f6d0346c690 .functor BUFT 1, C4<00000>, C4<0>, C4<0>, C4<0>;
v0x565149764710_0 .net/2u *"_ivl_38", 4 0, L_0x7f6d0346c690;  1 drivers
v0x5651497647f0_0 .net *"_ivl_40", 0 0, L_0x565149782db0;  1 drivers
v0x5651497648b0_0 .net *"_ivl_43", 0 0, L_0x565149782b40;  1 drivers
L_0x7f6d0346c6d8 .functor BUFT 1, C4<00100>, C4<0>, C4<0>, C4<0>;
v0x565149764970_0 .net/2u *"_ivl_44", 4 0, L_0x7f6d0346c6d8;  1 drivers
v0x565149764a50_0 .net *"_ivl_46", 0 0, L_0x565149782ff0;  1 drivers
v0x565149764b10_0 .net *"_ivl_51", 19 0, L_0x565149783180;  1 drivers
L_0x7f6d0346c720 .functor BUFT 1, C4<000000000000>, C4<0>, C4<0>, C4<0>;
v0x565149764bf0_0 .net/2u *"_ivl_52", 11 0, L_0x7f6d0346c720;  1 drivers
v0x565149764cd0_0 .net *"_ivl_54", 31 0, L_0x5651497832b0;  1 drivers
L_0x7f6d0346c768 .functor BUFT 1, C4<00000000000000000000000000000000>, C4<0>, C4<0>, C4<0>;
v0x565149764db0_0 .net/2u *"_ivl_56", 31 0, L_0x7f6d0346c768;  1 drivers
L_0x7f6d0346c4e0 .functor BUFT 1, C4<01100>, C4<0>, C4<0>, C4<0>;
v0x565149764e90_0 .net/2u *"_ivl_6", 4 0, L_0x7f6d0346c4e0;  1 drivers
v0x565149764f70_0 .net *"_ivl_61", 0 0, L_0x565149783650;  1 drivers
v0x565149765260_0 .net *"_ivl_62", 20 0, L_0x5651497836f0;  1 drivers
v0x565149765340_0 .net *"_ivl_65", 10 0, L_0x5651497834c0;  1 drivers
v0x565149765420_0 .net *"_ivl_66", 31 0, L_0x565149783bb0;  1 drivers
L_0x7f6d0346c7b0 .functor BUFT 1, C4<00000000000000000000000000000000>, C4<0>, C4<0>, C4<0>;
v0x565149765500_0 .net/2u *"_ivl_68", 31 0, L_0x7f6d0346c7b0;  1 drivers
v0x5651497655e0_0 .net *"_ivl_73", 0 0, L_0x565149783ef0;  1 drivers
v0x5651497656c0_0 .net *"_ivl_74", 20 0, L_0x565149784060;  1 drivers
v0x5651497657a0_0 .net *"_ivl_77", 5 0, L_0x565149784360;  1 drivers
v0x565149765880_0 .net *"_ivl_79", 4 0, L_0x5651497846f0;  1 drivers
v0x565149765960_0 .net *"_ivl_80", 31 0, L_0x565149784790;  1 drivers
L_0x7f6d0346c7f8 .functor BUFT 1, C4<00000000000000000000000000000000>, C4<0>, C4<0>, C4<0>;
v0x565149765a40_0 .net/2u *"_ivl_82", 31 0, L_0x7f6d0346c7f8;  1 drivers
v0x565149765b20_0 .net *"_ivl_87", 0 0, L_0x565149784bb0;  1 drivers
v0x565149765c00_0 .net *"_ivl_88", 19 0, L_0x565149784d50;  1 drivers
v0x565149765ce0_0 .net *"_ivl_91", 0 0, L_0x565149785050;  1 drivers
v0x565149765dc0_0 .net *"_ivl_93", 5 0, L_0x565149785200;  1 drivers
v0x565149765ea0_0 .net *"_ivl_95", 3 0, L_0x5651497852a0;  1 drivers
L_0x7f6d0346c840 .functor BUFT 1, C4<0>, C4<0>, C4<0>, C4<0>;
v0x565149765f80_0 .net/2u *"_ivl_96", 0 0, L_0x7f6d0346c840;  1 drivers
v0x565149766060_0 .net *"_ivl_98", 31 0, L_0x565149785490;  1 drivers
v0x565149766140_0 .var "alu_ctrl", 9 0;
v0x565149766220_0 .net "b_type", 0 0, L_0x565149782590;  1 drivers
v0x5651497662e0_0 .var "bru_ctrl", 6 0;
v0x5651497663c0_0 .net "funct3", 2 0, L_0x5651497820f0;  1 drivers
v0x5651497664a0_0 .net "funct7", 6 0, L_0x565149782190;  1 drivers
v0x565149766580_0 .net "i_type", 0 0, L_0x565149747a60;  1 drivers
v0x565149766640_0 .net "imm", 31 0, L_0x5651497868f0;  alias, 1 drivers
v0x565149766720_0 .net "imm_B", 31 0, L_0x5651497856a0;  1 drivers
v0x565149766800_0 .net "imm_I", 31 0, L_0x565149783d60;  1 drivers
v0x5651497668e0_0 .net "imm_J", 31 0, L_0x565149786430;  1 drivers
v0x5651497669c0_0 .net "imm_S", 31 0, L_0x565149784a20;  1 drivers
v0x565149766aa0_0 .net "imm_U", 31 0, L_0x565149783420;  1 drivers
v0x565149766b80_0 .net "ir", 31 0, L_0x56514972c530;  alias, 1 drivers
v0x565149766c60_0 .net "j_type", 0 0, L_0x565149782630;  1 drivers
v0x565149766d20_0 .net "op", 4 0, L_0x565149782050;  1 drivers
v0x565149767210_0 .var "r_alu_ctrl", 3 0;
v0x5651497672f0_0 .net "r_type", 0 0, L_0x565149782230;  1 drivers
v0x5651497673b0_0 .net "s_type", 0 0, L_0x565149782410;  1 drivers
v0x565149767470_0 .net "u_type", 0 0, L_0x565149782a00;  1 drivers
E_0x56514974cae0 .event edge, v0x565149766d20_0, v0x5651497663c0_0;
E_0x56514974a110 .event edge, v0x565149767210_0;
E_0x56514974d080 .event edge, v0x565149766d20_0, v0x5651497664a0_0, v0x5651497663c0_0;
L_0x565149782050 .part L_0x56514972c530, 2, 5;
L_0x5651497820f0 .part L_0x56514972c530, 12, 3;
L_0x565149782190 .part L_0x56514972c530, 25, 7;
L_0x565149782230 .cmp/eq 5, L_0x565149782050, L_0x7f6d0346c4e0;
L_0x565149782370 .part L_0x565149782050, 2, 3;
L_0x565149782410 .cmp/eq 3, L_0x565149782370, L_0x7f6d0346c528;
L_0x565149782590 .cmp/eq 5, L_0x565149782050, L_0x7f6d0346c570;
L_0x565149782630 .cmp/eq 5, L_0x565149782050, L_0x7f6d0346c5b8;
L_0x565149782770 .part L_0x565149782050, 4, 1;
L_0x565149782810 .part L_0x565149782050, 0, 3;
L_0x565149782910 .concat [ 3 1 0 0], L_0x565149782810, L_0x565149782770;
L_0x565149782a00 .cmp/eq 4, L_0x565149782910, L_0x7f6d0346c600;
L_0x565149782bb0 .cmp/eq 5, L_0x565149782050, L_0x7f6d0346c648;
L_0x565149782db0 .cmp/eq 5, L_0x565149782050, L_0x7f6d0346c690;
L_0x565149782ff0 .cmp/eq 5, L_0x565149782050, L_0x7f6d0346c6d8;
L_0x565149783180 .part L_0x56514972c530, 12, 20;
L_0x5651497832b0 .concat [ 12 20 0 0], L_0x7f6d0346c720, L_0x565149783180;
L_0x565149783420 .functor MUXZ 32, L_0x7f6d0346c768, L_0x5651497832b0, L_0x565149782a00, C4<>;
L_0x565149783650 .part L_0x56514972c530, 31, 1;
LS_0x5651497836f0_0_0 .concat [ 1 1 1 1], L_0x565149783650, L_0x565149783650, L_0x565149783650, L_0x565149783650;
LS_0x5651497836f0_0_4 .concat [ 1 1 1 1], L_0x565149783650, L_0x565149783650, L_0x565149783650, L_0x565149783650;
LS_0x5651497836f0_0_8 .concat [ 1 1 1 1], L_0x565149783650, L_0x565149783650, L_0x565149783650, L_0x565149783650;
LS_0x5651497836f0_0_12 .concat [ 1 1 1 1], L_0x565149783650, L_0x565149783650, L_0x565149783650, L_0x565149783650;
LS_0x5651497836f0_0_16 .concat [ 1 1 1 1], L_0x565149783650, L_0x565149783650, L_0x565149783650, L_0x565149783650;
LS_0x5651497836f0_0_20 .concat [ 1 0 0 0], L_0x565149783650;
LS_0x5651497836f0_1_0 .concat [ 4 4 4 4], LS_0x5651497836f0_0_0, LS_0x5651497836f0_0_4, LS_0x5651497836f0_0_8, LS_0x5651497836f0_0_12;
LS_0x5651497836f0_1_4 .concat [ 4 1 0 0], LS_0x5651497836f0_0_16, LS_0x5651497836f0_0_20;
L_0x5651497836f0 .concat [ 16 5 0 0], LS_0x5651497836f0_1_0, LS_0x5651497836f0_1_4;
L_0x5651497834c0 .part L_0x56514972c530, 20, 11;
L_0x565149783bb0 .concat [ 11 21 0 0], L_0x5651497834c0, L_0x5651497836f0;
L_0x565149783d60 .functor MUXZ 32, L_0x7f6d0346c7b0, L_0x565149783bb0, L_0x565149747a60, C4<>;
L_0x565149783ef0 .part L_0x56514972c530, 31, 1;
LS_0x565149784060_0_0 .concat [ 1 1 1 1], L_0x565149783ef0, L_0x565149783ef0, L_0x565149783ef0, L_0x565149783ef0;
LS_0x565149784060_0_4 .concat [ 1 1 1 1], L_0x565149783ef0, L_0x565149783ef0, L_0x565149783ef0, L_0x565149783ef0;
LS_0x565149784060_0_8 .concat [ 1 1 1 1], L_0x565149783ef0, L_0x565149783ef0, L_0x565149783ef0, L_0x565149783ef0;
LS_0x565149784060_0_12 .concat [ 1 1 1 1], L_0x565149783ef0, L_0x565149783ef0, L_0x565149783ef0, L_0x565149783ef0;
LS_0x565149784060_0_16 .concat [ 1 1 1 1], L_0x565149783ef0, L_0x565149783ef0, L_0x565149783ef0, L_0x565149783ef0;
LS_0x565149784060_0_20 .concat [ 1 0 0 0], L_0x565149783ef0;
LS_0x565149784060_1_0 .concat [ 4 4 4 4], LS_0x565149784060_0_0, LS_0x565149784060_0_4, LS_0x565149784060_0_8, LS_0x565149784060_0_12;
LS_0x565149784060_1_4 .concat [ 4 1 0 0], LS_0x565149784060_0_16, LS_0x565149784060_0_20;
L_0x565149784060 .concat [ 16 5 0 0], LS_0x565149784060_1_0, LS_0x565149784060_1_4;
L_0x565149784360 .part L_0x56514972c530, 25, 6;
L_0x5651497846f0 .part L_0x56514972c530, 7, 5;
L_0x565149784790 .concat [ 5 6 21 0], L_0x5651497846f0, L_0x565149784360, L_0x565149784060;
L_0x565149784a20 .functor MUXZ 32, L_0x7f6d0346c7f8, L_0x565149784790, L_0x565149782410, C4<>;
L_0x565149784bb0 .part L_0x56514972c530, 31, 1;
LS_0x565149784d50_0_0 .concat [ 1 1 1 1], L_0x565149784bb0, L_0x565149784bb0, L_0x565149784bb0, L_0x565149784bb0;
LS_0x565149784d50_0_4 .concat [ 1 1 1 1], L_0x565149784bb0, L_0x565149784bb0, L_0x565149784bb0, L_0x565149784bb0;
LS_0x565149784d50_0_8 .concat [ 1 1 1 1], L_0x565149784bb0, L_0x565149784bb0, L_0x565149784bb0, L_0x565149784bb0;
LS_0x565149784d50_0_12 .concat [ 1 1 1 1], L_0x565149784bb0, L_0x565149784bb0, L_0x565149784bb0, L_0x565149784bb0;
LS_0x565149784d50_0_16 .concat [ 1 1 1 1], L_0x565149784bb0, L_0x565149784bb0, L_0x565149784bb0, L_0x565149784bb0;
LS_0x565149784d50_1_0 .concat [ 4 4 4 4], LS_0x565149784d50_0_0, LS_0x565149784d50_0_4, LS_0x565149784d50_0_8, LS_0x565149784d50_0_12;
LS_0x565149784d50_1_4 .concat [ 4 0 0 0], LS_0x565149784d50_0_16;
L_0x565149784d50 .concat [ 16 4 0 0], LS_0x565149784d50_1_0, LS_0x565149784d50_1_4;
L_0x565149785050 .part L_0x56514972c530, 7, 1;
L_0x565149785200 .part L_0x56514972c530, 25, 6;
L_0x5651497852a0 .part L_0x56514972c530, 8, 4;
LS_0x565149785490_0_0 .concat [ 1 4 6 1], L_0x7f6d0346c840, L_0x5651497852a0, L_0x565149785200, L_0x565149785050;
LS_0x565149785490_0_4 .concat [ 20 0 0 0], L_0x565149784d50;
L_0x565149785490 .concat [ 12 20 0 0], LS_0x565149785490_0_0, LS_0x565149785490_0_4;
L_0x5651497856a0 .functor MUXZ 32, L_0x7f6d0346c888, L_0x565149785490, L_0x565149782590, C4<>;
L_0x565149785870 .part L_0x56514972c530, 31, 1;
LS_0x565149785910_0_0 .concat [ 1 1 1 1], L_0x565149785870, L_0x565149785870, L_0x565149785870, L_0x565149785870;
LS_0x565149785910_0_4 .concat [ 1 1 1 1], L_0x565149785870, L_0x565149785870, L_0x565149785870, L_0x565149785870;
LS_0x565149785910_0_8 .concat [ 1 1 1 1], L_0x565149785870, L_0x565149785870, L_0x565149785870, L_0x565149785870;
L_0x565149785910 .concat [ 4 4 4 0], LS_0x565149785910_0_0, LS_0x565149785910_0_4, LS_0x565149785910_0_8;
L_0x565149785bb0 .part L_0x56514972c530, 12, 8;
L_0x565149785c50 .part L_0x56514972c530, 20, 1;
L_0x565149785e40 .part L_0x56514972c530, 21, 10;
LS_0x565149785ee0_0_0 .concat [ 1 10 1 8], L_0x7f6d0346c8d0, L_0x565149785e40, L_0x565149785c50, L_0x565149785bb0;
LS_0x565149785ee0_0_4 .concat [ 12 0 0 0], L_0x565149785910;
L_0x565149785ee0 .concat [ 20 12 0 0], LS_0x565149785ee0_0_0, LS_0x565149785ee0_0_4;
L_0x565149786430 .functor MUXZ 32, L_0x7f6d0346c918, L_0x565149785ee0, L_0x565149782630, C4<>;
S_0x5651497675b0 .scope module, "decoder_if0" "decoder_if" 3 61, 3 253 0, S_0x565149762e20;
 .timescale 0 0;
    .port_info 0 /INPUT 32 "ir";
    .port_info 1 /OUTPUT 5 "rd";
    .port_info 2 /OUTPUT 5 "rs1";
    .port_info 3 /OUTPUT 5 "rs2";
    .port_info 4 /OUTPUT 1 "mem_we";
    .port_info 5 /OUTPUT 1 "reg_we";
    .port_info 6 /OUTPUT 1 "op_ld";
    .port_info 7 /OUTPUT 1 "op_imm";
L_0x565149742510 .functor OR 1, L_0x5651497806d0, L_0x565149780770, C4<0>, C4<0>;
L_0x565149744e10 .functor OR 1, L_0x565149742510, L_0x565149780950, C4<0>, C4<0>;
L_0x565149780840 .functor AND 1, L_0x565149780d70, L_0x565149781010, C4<1>, C4<1>;
L_0x5651496febf0 .functor BUFZ 1, L_0x56514977fde0, C4<0>, C4<0>, C4<0>;
L_0x7f6d0346c138 .functor BUFT 1, C4<11000>, C4<0>, C4<0>, C4<0>;
v0x565149767880_0 .net/2u *"_ivl_12", 4 0, L_0x7f6d0346c138;  1 drivers
L_0x7f6d0346c180 .functor BUFT 1, C4<11011>, C4<0>, C4<0>, C4<0>;
v0x565149767960_0 .net/2u *"_ivl_16", 4 0, L_0x7f6d0346c180;  1 drivers
L_0x7f6d0346c0a8 .functor BUFT 1, C4<01100>, C4<0>, C4<0>, C4<0>;
v0x565149767a40_0 .net/2u *"_ivl_2", 4 0, L_0x7f6d0346c0a8;  1 drivers
v0x565149767b00_0 .net *"_ivl_21", 0 0, L_0x565149780230;  1 drivers
v0x565149767be0_0 .net *"_ivl_23", 2 0, L_0x5651497802d0;  1 drivers
v0x565149767d10_0 .net *"_ivl_24", 3 0, L_0x5651497803c0;  1 drivers
L_0x7f6d0346c1c8 .functor BUFT 1, C4<0101>, C4<0>, C4<0>, C4<0>;
v0x565149767df0_0 .net/2u *"_ivl_26", 3 0, L_0x7f6d0346c1c8;  1 drivers
L_0x7f6d0346c210 .functor BUFT 1, C4<11001>, C4<0>, C4<0>, C4<0>;
v0x565149767ed0_0 .net/2u *"_ivl_30", 4 0, L_0x7f6d0346c210;  1 drivers
v0x565149767fb0_0 .net *"_ivl_32", 0 0, L_0x5651497806d0;  1 drivers
L_0x7f6d0346c258 .functor BUFT 1, C4<00000>, C4<0>, C4<0>, C4<0>;
v0x565149768070_0 .net/2u *"_ivl_34", 4 0, L_0x7f6d0346c258;  1 drivers
v0x565149768150_0 .net *"_ivl_36", 0 0, L_0x565149780770;  1 drivers
v0x565149768210_0 .net *"_ivl_39", 0 0, L_0x565149742510;  1 drivers
L_0x7f6d0346c2a0 .functor BUFT 1, C4<00100>, C4<0>, C4<0>, C4<0>;
v0x5651497682d0_0 .net/2u *"_ivl_40", 4 0, L_0x7f6d0346c2a0;  1 drivers
v0x5651497683b0_0 .net *"_ivl_42", 0 0, L_0x565149780950;  1 drivers
v0x565149768470_0 .net *"_ivl_47", 4 0, L_0x565149780ae0;  1 drivers
v0x565149768550_0 .net *"_ivl_48", 31 0, L_0x565149780c00;  1 drivers
L_0x7f6d0346c2e8 .functor BUFT 1, C4<000000000000000000000000000>, C4<0>, C4<0>, C4<0>;
v0x565149768630_0 .net *"_ivl_51", 26 0, L_0x7f6d0346c2e8;  1 drivers
L_0x7f6d0346c330 .functor BUFT 1, C4<00000000000000000000000000000000>, C4<0>, C4<0>, C4<0>;
v0x565149768710_0 .net/2u *"_ivl_52", 31 0, L_0x7f6d0346c330;  1 drivers
v0x5651497687f0_0 .net *"_ivl_54", 0 0, L_0x565149780d70;  1 drivers
v0x5651497688b0_0 .net *"_ivl_57", 3 0, L_0x565149780f70;  1 drivers
L_0x7f6d0346c378 .functor BUFT 1, C4<1000>, C4<0>, C4<0>, C4<0>;
v0x565149768990_0 .net/2u *"_ivl_58", 3 0, L_0x7f6d0346c378;  1 drivers
v0x565149768a70_0 .net *"_ivl_60", 0 0, L_0x565149781010;  1 drivers
L_0x7f6d0346c3c0 .functor BUFT 1, C4<00000>, C4<0>, C4<0>, C4<0>;
v0x565149768b30_0 .net/2u *"_ivl_66", 4 0, L_0x7f6d0346c3c0;  1 drivers
v0x565149768c10_0 .net *"_ivl_7", 2 0, L_0x56514977fd40;  1 drivers
L_0x7f6d0346c408 .functor BUFT 1, C4<00100>, C4<0>, C4<0>, C4<0>;
v0x565149768cf0_0 .net/2u *"_ivl_70", 4 0, L_0x7f6d0346c408;  1 drivers
v0x565149768dd0_0 .net *"_ivl_75", 4 0, L_0x565149781180;  1 drivers
L_0x7f6d0346c450 .functor BUFT 1, C4<00000>, C4<0>, C4<0>, C4<0>;
v0x565149768eb0_0 .net/2u *"_ivl_76", 4 0, L_0x7f6d0346c450;  1 drivers
L_0x7f6d0346c0f0 .functor BUFT 1, C4<010>, C4<0>, C4<0>, C4<0>;
v0x565149768f90_0 .net/2u *"_ivl_8", 2 0, L_0x7f6d0346c0f0;  1 drivers
v0x565149769070_0 .net *"_ivl_83", 0 0, L_0x5651497819b0;  1 drivers
v0x565149769130_0 .net *"_ivl_85", 4 0, L_0x565149781b20;  1 drivers
L_0x7f6d0346c498 .functor BUFT 1, C4<00000>, C4<0>, C4<0>, C4<0>;
v0x565149769210_0 .net/2u *"_ivl_86", 4 0, L_0x7f6d0346c498;  1 drivers
v0x5651497692f0_0 .net "b_type", 0 0, L_0x56514977ffd0;  1 drivers
v0x5651497693b0_0 .net "i_type", 0 0, L_0x565149744e10;  1 drivers
v0x565149769470_0 .net "ir", 31 0, L_0x56514972c530;  alias, 1 drivers
v0x565149769530_0 .net "j_type", 0 0, L_0x565149780100;  1 drivers
v0x5651497695d0_0 .net "mem_we", 0 0, L_0x5651496febf0;  alias, 1 drivers
v0x565149769690_0 .net "op", 4 0, L_0x56514977faf0;  1 drivers
v0x565149769770_0 .net "op_imm", 0 0, L_0x565149781520;  alias, 1 drivers
v0x565149769830_0 .net "op_ld", 0 0, L_0x5651497813e0;  alias, 1 drivers
v0x5651497698f0_0 .net "r_type", 0 0, L_0x56514977fc20;  1 drivers
v0x5651497699b0_0 .net "rd", 4 0, L_0x565149781710;  alias, 1 drivers
v0x565149769a90_0 .net "reg_we", 0 0, L_0x565149780840;  alias, 1 drivers
v0x565149769b50_0 .net "rs1", 4 0, L_0x565149781910;  alias, 1 drivers
v0x565149769c30_0 .net "rs2", 4 0, L_0x565149781de0;  alias, 1 drivers
v0x565149769d10_0 .net "s_type", 0 0, L_0x56514977fde0;  1 drivers
v0x565149769dd0_0 .net "u_type", 0 0, L_0x565149780530;  1 drivers
L_0x56514977faf0 .part L_0x56514972c530, 2, 5;
L_0x56514977fc20 .cmp/eq 5, L_0x56514977faf0, L_0x7f6d0346c0a8;
L_0x56514977fd40 .part L_0x56514977faf0, 2, 3;
L_0x56514977fde0 .cmp/eq 3, L_0x56514977fd40, L_0x7f6d0346c0f0;
L_0x56514977ffd0 .cmp/eq 5, L_0x56514977faf0, L_0x7f6d0346c138;
L_0x565149780100 .cmp/eq 5, L_0x56514977faf0, L_0x7f6d0346c180;
L_0x565149780230 .part L_0x56514977faf0, 4, 1;
L_0x5651497802d0 .part L_0x56514977faf0, 0, 3;
L_0x5651497803c0 .concat [ 3 1 0 0], L_0x5651497802d0, L_0x565149780230;
L_0x565149780530 .cmp/eq 4, L_0x5651497803c0, L_0x7f6d0346c1c8;
L_0x5651497806d0 .cmp/eq 5, L_0x56514977faf0, L_0x7f6d0346c210;
L_0x565149780770 .cmp/eq 5, L_0x56514977faf0, L_0x7f6d0346c258;
L_0x565149780950 .cmp/eq 5, L_0x56514977faf0, L_0x7f6d0346c2a0;
L_0x565149780ae0 .part L_0x56514972c530, 7, 5;
L_0x565149780c00 .concat [ 5 27 0 0], L_0x565149780ae0, L_0x7f6d0346c2e8;
L_0x565149780d70 .cmp/ne 32, L_0x565149780c00, L_0x7f6d0346c330;
L_0x565149780f70 .part L_0x56514977faf0, 0, 4;
L_0x565149781010 .cmp/ne 4, L_0x565149780f70, L_0x7f6d0346c378;
L_0x5651497813e0 .cmp/eq 5, L_0x56514977faf0, L_0x7f6d0346c3c0;
L_0x565149781520 .cmp/eq 5, L_0x56514977faf0, L_0x7f6d0346c408;
L_0x565149781180 .part L_0x56514972c530, 7, 5;
L_0x565149781710 .functor MUXZ 5, L_0x7f6d0346c450, L_0x565149781180, L_0x565149780840, C4<>;
L_0x565149781910 .part L_0x56514972c530, 15, 5;
L_0x5651497819b0 .reduce/nor L_0x565149781520;
L_0x565149781b20 .part L_0x56514972c530, 20, 5;
L_0x565149781de0 .functor MUXZ 5, L_0x7f6d0346c498, L_0x565149781b20, L_0x5651497819b0, C4<>;
S_0x565149769f90 .scope module, "regfile0" "regfile" 3 65, 3 338 0, S_0x565149762e20;
 .timescale 0 0;
    .port_info 0 /INPUT 1 "CLK";
    .port_info 1 /INPUT 5 "rs1";
    .port_info 2 /INPUT 5 "rs2";
    .port_info 3 /OUTPUT 32 "rdata1";
    .port_info 4 /OUTPUT 32 "rdata2";
    .port_info 5 /INPUT 1 "WE";
    .port_info 6 /INPUT 5 "rd";
    .port_info 7 /INPUT 32 "wdata";
v0x56514976a270_0 .net "CLK", 0 0, v0x56514976ea90_0;  alias, 1 drivers
L_0x7f6d0346cba0 .functor BUFT 1, C4<1>, C4<0>, C4<0>, C4<0>;
v0x56514976a310_0 .net "WE", 0 0, L_0x7f6d0346cba0;  1 drivers
v0x56514976a3d0_0 .net *"_ivl_0", 31 0, L_0x565149786a90;  1 drivers
v0x56514976a4c0_0 .net *"_ivl_10", 0 0, L_0x565149786c70;  1 drivers
v0x56514976a580_0 .net *"_ivl_12", 31 0, L_0x565149786d10;  1 drivers
v0x56514976a6b0_0 .net *"_ivl_14", 6 0, L_0x565149786db0;  1 drivers
L_0x7f6d0346ca38 .functor BUFT 1, C4<00>, C4<0>, C4<0>, C4<0>;
v0x56514976a790_0 .net *"_ivl_17", 1 0, L_0x7f6d0346ca38;  1 drivers
v0x56514976a870_0 .net *"_ivl_18", 31 0, L_0x565149786ea0;  1 drivers
v0x56514976a950_0 .net *"_ivl_22", 31 0, L_0x565149787200;  1 drivers
L_0x7f6d0346ca80 .functor BUFT 1, C4<000000000000000000000000000>, C4<0>, C4<0>, C4<0>;
v0x56514976aa30_0 .net *"_ivl_25", 26 0, L_0x7f6d0346ca80;  1 drivers
L_0x7f6d0346cac8 .functor BUFT 1, C4<00000000000000000000000000000000>, C4<0>, C4<0>, C4<0>;
v0x56514976ab10_0 .net/2u *"_ivl_26", 31 0, L_0x7f6d0346cac8;  1 drivers
v0x56514976abf0_0 .net *"_ivl_28", 0 0, L_0x5651497872f0;  1 drivers
L_0x7f6d0346c960 .functor BUFT 1, C4<000000000000000000000000000>, C4<0>, C4<0>, C4<0>;
v0x56514976acb0_0 .net *"_ivl_3", 26 0, L_0x7f6d0346c960;  1 drivers
L_0x7f6d0346cb10 .functor BUFT 1, C4<00000000000000000000000000000000>, C4<0>, C4<0>, C4<0>;
v0x56514976ad90_0 .net/2u *"_ivl_30", 31 0, L_0x7f6d0346cb10;  1 drivers
v0x56514976ae70_0 .net *"_ivl_32", 0 0, L_0x565149787430;  1 drivers
v0x56514976af30_0 .net *"_ivl_34", 31 0, L_0x565149787530;  1 drivers
v0x56514976b010_0 .net *"_ivl_36", 6 0, L_0x5651497875d0;  1 drivers
L_0x7f6d0346cb58 .functor BUFT 1, C4<00>, C4<0>, C4<0>, C4<0>;
v0x56514976b0f0_0 .net *"_ivl_39", 1 0, L_0x7f6d0346cb58;  1 drivers
L_0x7f6d0346c9a8 .functor BUFT 1, C4<00000000000000000000000000000000>, C4<0>, C4<0>, C4<0>;
v0x56514976b1d0_0 .net/2u *"_ivl_4", 31 0, L_0x7f6d0346c9a8;  1 drivers
v0x56514976b2b0_0 .net *"_ivl_40", 31 0, L_0x565149787730;  1 drivers
v0x56514976b390_0 .net *"_ivl_6", 0 0, L_0x565149786b30;  1 drivers
L_0x7f6d0346c9f0 .functor BUFT 1, C4<00000000000000000000000000000000>, C4<0>, C4<0>, C4<0>;
v0x56514976b450_0 .net/2u *"_ivl_8", 31 0, L_0x7f6d0346c9f0;  1 drivers
v0x56514976b530 .array "mem", 31 0, 31 0;
v0x56514976b5f0_0 .net "rd", 4 0, L_0x565149781710;  alias, 1 drivers
v0x56514976b6b0_0 .net "rdata1", 31 0, L_0x565149787020;  alias, 1 drivers
v0x56514976b770_0 .net "rdata2", 31 0, L_0x5651497878c0;  alias, 1 drivers
v0x56514976b850_0 .net "rs1", 4 0, L_0x565149781910;  alias, 1 drivers
v0x56514976b940_0 .net "rs2", 4 0, L_0x565149781de0;  alias, 1 drivers
L_0x7f6d0346cbe8 .functor BUFT 1, C4<00000000000000000000000000000000>, C4<0>, C4<0>, C4<0>;
v0x56514976ba10_0 .net "wdata", 31 0, L_0x7f6d0346cbe8;  1 drivers
L_0x565149786a90 .concat [ 5 27 0 0], L_0x565149781910, L_0x7f6d0346c960;
L_0x565149786b30 .cmp/eq 32, L_0x565149786a90, L_0x7f6d0346c9a8;
L_0x565149786c70 .cmp/eq 5, L_0x565149781910, L_0x565149781710;
L_0x565149786d10 .array/port v0x56514976b530, L_0x565149786db0;
L_0x565149786db0 .concat [ 5 2 0 0], L_0x565149781910, L_0x7f6d0346ca38;
L_0x565149786ea0 .functor MUXZ 32, L_0x565149786d10, L_0x7f6d0346cbe8, L_0x565149786c70, C4<>;
L_0x565149787020 .functor MUXZ 32, L_0x565149786ea0, L_0x7f6d0346c9f0, L_0x565149786b30, C4<>;
L_0x565149787200 .concat [ 5 27 0 0], L_0x565149781de0, L_0x7f6d0346ca80;
L_0x5651497872f0 .cmp/eq 32, L_0x565149787200, L_0x7f6d0346cac8;
L_0x565149787430 .cmp/eq 5, L_0x565149781de0, L_0x565149781710;
L_0x565149787530 .array/port v0x56514976b530, L_0x5651497875d0;
L_0x5651497875d0 .concat [ 5 2 0 0], L_0x565149781de0, L_0x7f6d0346cb58;
L_0x565149787730 .functor MUXZ 32, L_0x565149787530, L_0x7f6d0346cbe8, L_0x565149787430, C4<>;
L_0x5651497878c0 .functor MUXZ 32, L_0x565149787730, L_0x7f6d0346cb10, L_0x5651497872f0, C4<>;
    .scope S_0x5651497630b0;
T_0 ;
    %wait E_0x56514974d080;
    %load/vec4 v0x565149766d20_0;
    %dup/vec4;
    %pushi/vec4 12, 0, 5;
    %cmp/u;
    %jmp/1 T_0.0, 6;
    %dup/vec4;
    %pushi/vec4 4, 0, 5;
    %cmp/u;
    %jmp/1 T_0.1, 6;
    %pushi/vec4 15, 0, 4;
    %store/vec4 v0x565149767210_0, 0, 4;
    %jmp T_0.3;
T_0.0 ;
    %load/vec4 v0x5651497664a0_0;
    %parti/s 1, 5, 4;
    %load/vec4 v0x5651497663c0_0;
    %concat/vec4; draw_concat_vec4
    %store/vec4 v0x565149767210_0, 0, 4;
    %jmp T_0.3;
T_0.1 ;
    %load/vec4 v0x5651497663c0_0;
    %cmpi/e 5, 0, 3;
    %flag_mov 8, 4;
    %jmp/0 T_0.4, 8;
    %load/vec4 v0x5651497664a0_0;
    %parti/s 1, 5, 4;
    %load/vec4 v0x5651497663c0_0;
    %concat/vec4; draw_concat_vec4
    %jmp/1 T_0.5, 8;
T_0.4 ; End of true expr.
    %pushi/vec4 0, 0, 1;
    %load/vec4 v0x5651497663c0_0;
    %concat/vec4; draw_concat_vec4
    %jmp/0 T_0.5, 8;
 ; End of false expr.
    %blend;
T_0.5;
    %store/vec4 v0x565149767210_0, 0, 4;
    %jmp T_0.3;
T_0.3 ;
    %pop/vec4 1;
    %jmp T_0;
    .thread T_0, $push;
    .scope S_0x5651497630b0;
T_1 ;
    %wait E_0x56514974a110;
    %load/vec4 v0x565149767210_0;
    %dup/vec4;
    %pushi/vec4 0, 0, 4;
    %cmp/u;
    %jmp/1 T_1.0, 6;
    %dup/vec4;
    %pushi/vec4 8, 0, 4;
    %cmp/u;
    %jmp/1 T_1.1, 6;
    %dup/vec4;
    %pushi/vec4 4, 0, 4;
    %cmp/u;
    %jmp/1 T_1.2, 6;
    %dup/vec4;
    %pushi/vec4 6, 0, 4;
    %cmp/u;
    %jmp/1 T_1.3, 6;
    %dup/vec4;
    %pushi/vec4 7, 0, 4;
    %cmp/u;
    %jmp/1 T_1.4, 6;
    %dup/vec4;
    %pushi/vec4 1, 0, 4;
    %cmp/u;
    %jmp/1 T_1.5, 6;
    %dup/vec4;
    %pushi/vec4 5, 0, 4;
    %cmp/u;
    %jmp/1 T_1.6, 6;
    %pushi/vec4 0, 0, 10;
    %store/vec4 v0x565149766140_0, 0, 10;
    %jmp T_1.8;
T_1.0 ;
    %pushi/vec4 1, 0, 10;
    %store/vec4 v0x565149766140_0, 0, 10;
    %jmp T_1.8;
T_1.1 ;
    %pushi/vec4 2, 0, 10;
    %store/vec4 v0x565149766140_0, 0, 10;
    %jmp T_1.8;
T_1.2 ;
    %pushi/vec4 3, 0, 10;
    %store/vec4 v0x565149766140_0, 0, 10;
    %jmp T_1.8;
T_1.3 ;
    %pushi/vec4 4, 0, 10;
    %store/vec4 v0x565149766140_0, 0, 10;
    %jmp T_1.8;
T_1.4 ;
    %pushi/vec4 5, 0, 10;
    %store/vec4 v0x565149766140_0, 0, 10;
    %jmp T_1.8;
T_1.5 ;
    %pushi/vec4 6, 0, 10;
    %store/vec4 v0x565149766140_0, 0, 10;
    %jmp T_1.8;
T_1.6 ;
    %pushi/vec4 7, 0, 10;
    %store/vec4 v0x565149766140_0, 0, 10;
    %jmp T_1.8;
T_1.8 ;
    %pop/vec4 1;
    %jmp T_1;
    .thread T_1, $push;
    .scope S_0x5651497630b0;
T_2 ;
    %wait E_0x56514974cae0;
    %load/vec4 v0x565149766d20_0;
    %dup/vec4;
    %pushi/vec4 27, 0, 5;
    %cmp/u;
    %jmp/1 T_2.0, 6;
    %dup/vec4;
    %pushi/vec4 25, 0, 5;
    %cmp/u;
    %jmp/1 T_2.1, 6;
    %dup/vec4;
    %pushi/vec4 24, 0, 5;
    %cmp/u;
    %jmp/1 T_2.2, 6;
    %pushi/vec4 0, 0, 7;
    %store/vec4 v0x5651497662e0_0, 0, 7;
    %jmp T_2.4;
T_2.0 ;
    %pushi/vec4 64, 0, 7;
    %store/vec4 v0x5651497662e0_0, 0, 7;
    %jmp T_2.4;
T_2.1 ;
    %pushi/vec4 64, 0, 7;
    %store/vec4 v0x5651497662e0_0, 0, 7;
    %jmp T_2.4;
T_2.2 ;
    %load/vec4 v0x5651497663c0_0;
    %cmpi/e 0, 0, 3;
    %flag_mov 8, 4;
    %jmp/0 T_2.5, 8;
    %pushi/vec4 1, 0, 7;
    %jmp/1 T_2.6, 8;
T_2.5 ; End of true expr.
    %load/vec4 v0x5651497663c0_0;
    %cmpi/e 1, 0, 3;
    %flag_mov 9, 4;
    %jmp/0 T_2.7, 9;
    %pushi/vec4 2, 0, 7;
    %jmp/1 T_2.8, 9;
T_2.7 ; End of true expr.
    %load/vec4 v0x5651497663c0_0;
    %cmpi/e 4, 0, 3;
    %flag_mov 10, 4;
    %jmp/0 T_2.9, 10;
    %pushi/vec4 4, 0, 7;
    %jmp/1 T_2.10, 10;
T_2.9 ; End of true expr.
    %load/vec4 v0x5651497663c0_0;
    %cmpi/e 5, 0, 3;
    %flag_mov 11, 4;
    %jmp/0 T_2.11, 11;
    %pushi/vec4 8, 0, 7;
    %jmp/1 T_2.12, 11;
T_2.11 ; End of true expr.
    %load/vec4 v0x5651497663c0_0;
    %cmpi/e 6, 0, 3;
    %flag_mov 12, 4;
    %jmp/0 T_2.13, 12;
    %pushi/vec4 16, 0, 7;
    %jmp/1 T_2.14, 12;
T_2.13 ; End of true expr.
    %load/vec4 v0x5651497663c0_0;
    %cmpi/e 7, 0, 3;
    %flag_mov 13, 4;
    %jmp/0 T_2.15, 13;
    %pushi/vec4 32, 0, 7;
    %jmp/1 T_2.16, 13;
T_2.15 ; End of true expr.
    %pushi/vec4 0, 0, 7;
    %jmp/0 T_2.16, 13;
 ; End of false expr.
    %blend;
T_2.16;
    %jmp/0 T_2.14, 12;
 ; End of false expr.
    %blend;
T_2.14;
    %jmp/0 T_2.12, 11;
 ; End of false expr.
    %blend;
T_2.12;
    %jmp/0 T_2.10, 10;
 ; End of false expr.
    %blend;
T_2.10;
    %jmp/0 T_2.8, 9;
 ; End of false expr.
    %blend;
T_2.8;
    %jmp/0 T_2.6, 8;
 ; End of false expr.
    %blend;
T_2.6;
    %store/vec4 v0x5651497662e0_0, 0, 7;
    %jmp T_2.4;
T_2.4 ;
    %pop/vec4 1;
    %jmp T_2;
    .thread T_2, $push;
    .scope S_0x565149769f90;
T_3 ;
    %wait E_0x56514974c810;
    %load/vec4 v0x56514976a310_0;
    %load/vec4 v0x56514976b5f0_0;
    %pad/u 32;
    %pushi/vec4 0, 0, 32;
    %cmp/ne;
    %flag_get/vec4 4;
    %and;
    %flag_set/vec4 8;
    %jmp/0xz  T_3.0, 8;
    %load/vec4 v0x56514976ba10_0;
    %load/vec4 v0x56514976b5f0_0;
    %pad/u 7;
    %ix/vec4 3;
    %ix/load 4, 0, 0; Constant delay
    %assign/vec4/a/d v0x56514976b530, 0, 4;
T_3.0 ;
    %jmp T_3;
    .thread T_3;
    .scope S_0x565149762e20;
T_4 ;
    %pushi/vec4 0, 0, 18;
    %store/vec4 v0x56514976c920_0, 0, 18;
    %pushi/vec4 0, 0, 1;
    %store/vec4 v0x56514976ca00_0, 0, 1;
    %pushi/vec4 0, 0, 5;
    %store/vec4 v0x56514976d180_0, 0, 5;
    %pushi/vec4 1, 0, 6;
    %store/vec4 v0x56514976c460_0, 0, 6;
    %pushi/vec4 0, 0, 32;
    %store/vec4 v0x56514976cfc0_0, 0, 32;
    %pushi/vec4 0, 0, 32;
    %store/vec4 v0x56514976d0a0_0, 0, 32;
    %pushi/vec4 0, 0, 2;
    %store/vec4 v0x56514976c380_0, 0, 2;
    %pushi/vec4 0, 0, 32;
    %store/vec4 v0x56514976cb80_0, 0, 32;
    %pushi/vec4 0, 0, 1;
    %store/vec4 v0x56514976c1e0_0, 0, 1;
    %end;
    .thread T_4;
    .scope S_0x565149762e20;
T_5 ;
    %wait E_0x56514974c810;
    %load/vec4 v0x56514976e830_0;
    %nor/r;
    %load/vec4 v0x56514976c540_0;
    %or;
    %assign/vec4 v0x56514976cf00_0, 0;
    %jmp T_5;
    .thread T_5;
    .scope S_0x565149762e20;
T_6 ;
    %wait E_0x56514974c810;
    %load/vec4 v0x56514976cf00_0;
    %flag_set/vec4 8;
    %jmp/0xz  T_6.0, 8;
    %pushi/vec4 0, 0, 18;
    %assign/vec4 v0x56514976c920_0, 0;
    %jmp T_6.1;
T_6.0 ;
    %load/vec4 v0x56514976ca00_0;
    %flag_set/vec4 8;
    %jmp/0xz  T_6.2, 8;
    %load/vec4 v0x56514976de70_0;
    %assign/vec4 v0x56514976c920_0, 0;
    %pushi/vec4 0, 0, 1;
    %assign/vec4 v0x56514976ca00_0, 0;
T_6.2 ;
T_6.1 ;
    %jmp T_6;
    .thread T_6;
    .scope S_0x565149762e20;
T_7 ;
    %wait E_0x56514974c810;
    %load/vec4 v0x56514976d180_0;
    %cmpi/e 0, 0, 5;
    %jmp/0xz  T_7.0, 4;
    %load/vec4 v0x56514976e490_0;
    %assign/vec4 v0x56514976cd40_0, 0;
    %load/vec4 v0x56514976e560_0;
    %assign/vec4 v0x56514976ce20_0, 0;
    %load/vec4 v0x56514976d260_0;
    %assign/vec4 v0x56514976c100_0, 0;
    %load/vec4 v0x56514976d3c0_0;
    %assign/vec4 v0x56514976c2a0_0, 0;
    %load/vec4 v0x56514976dc60_0;
    %assign/vec4 v0x56514976c600_0, 0;
    %load/vec4 v0x56514976ddd0_0;
    %assign/vec4 v0x56514976c6e0_0, 0;
    %load/vec4 v0x56514976e3f0_0;
    %assign/vec4 v0x56514976cac0_0, 0;
    %load/vec4 v0x56514976e0e0_0;
    %assign/vec4 v0x56514976c860_0, 0;
    %load/vec4 v0x56514976e010_0;
    %assign/vec4 v0x56514976c7a0_0, 0;
    %pushi/vec4 1, 0, 1;
    %assign/vec4 v0x56514976ca00_0, 0;
    %pushi/vec4 1, 0, 5;
    %assign/vec4 v0x56514976d180_0, 0;
T_7.0 ;
    %jmp T_7;
    .thread T_7;
    .scope S_0x565149762e20;
T_8 ;
    %wait E_0x56514974c810;
    %load/vec4 v0x56514976d180_0;
    %cmpi/e 1, 0, 5;
    %jmp/0xz  T_8.0, 4;
    %load/vec4 v0x56514976c460_0;
    %parti/s 1, 5, 4;
    %pad/u 32;
    %cmpi/e 0, 0, 32;
    %jmp/0xz  T_8.2, 4;
    %load/vec4 v0x56514976cd40_0;
    %parti/s 1, 0, 2;
    %load/vec4 v0x56514976cfc0_0;
    %parti/s 31, 1, 2;
    %concat/vec4; draw_concat_vec4
    %assign/vec4 v0x56514976cfc0_0, 0;
    %load/vec4 v0x56514976ce20_0;
    %parti/s 1, 0, 2;
    %load/vec4 v0x56514976d0a0_0;
    %parti/s 31, 1, 2;
    %concat/vec4; draw_concat_vec4
    %assign/vec4 v0x56514976d0a0_0, 0;
    %pushi/vec4 0, 0, 1;
    %load/vec4 v0x56514976cd40_0;
    %parti/s 31, 1, 2;
    %concat/vec4; draw_concat_vec4
    %assign/vec4 v0x56514976cd40_0, 0;
    %pushi/vec4 0, 0, 1;
    %load/vec4 v0x56514976ce20_0;
    %parti/s 31, 1, 2;
    %concat/vec4; draw_concat_vec4
    %assign/vec4 v0x56514976ce20_0, 0;
    %load/vec4 v0x56514976c460_0;
    %addi 1, 0, 6;
    %assign/vec4 v0x56514976c460_0, 0;
    %jmp T_8.3;
T_8.2 ;
    %load/vec4 v0x56514976cd40_0;
    %parti/s 1, 0, 2;
    %load/vec4 v0x56514976cfc0_0;
    %parti/s 31, 1, 2;
    %concat/vec4; draw_concat_vec4
    %assign/vec4 v0x56514976cfc0_0, 0;
    %load/vec4 v0x56514976ce20_0;
    %parti/s 1, 0, 2;
    %load/vec4 v0x56514976d0a0_0;
    %parti/s 31, 1, 2;
    %concat/vec4; draw_concat_vec4
    %assign/vec4 v0x56514976d0a0_0, 0;
    %pushi/vec4 0, 0, 1;
    %load/vec4 v0x56514976cd40_0;
    %parti/s 31, 1, 2;
    %concat/vec4; draw_concat_vec4
    %assign/vec4 v0x56514976cd40_0, 0;
    %pushi/vec4 0, 0, 1;
    %load/vec4 v0x56514976ce20_0;
    %parti/s 31, 1, 2;
    %concat/vec4; draw_concat_vec4
    %assign/vec4 v0x56514976ce20_0, 0;
    %pushi/vec4 2, 0, 5;
    %assign/vec4 v0x56514976d180_0, 0;
    %pushi/vec4 1, 0, 6;
    %assign/vec4 v0x56514976c460_0, 0;
T_8.3 ;
T_8.0 ;
    %jmp T_8;
    .thread T_8;
    .scope S_0x565149762e20;
T_9 ;
    %wait E_0x56514974c810;
    %load/vec4 v0x56514976d180_0;
    %cmpi/e 2, 0, 5;
    %jmp/0xz  T_9.0, 4;
    %load/vec4 v0x56514976c100_0;
    %pad/u 32;
    %pushi/vec4 0, 0, 32;
    %cmp/ne;
    %flag_get/vec4 4;
    %load/vec4 v0x56514976c100_0;
    %pad/u 32;
    %pushi/vec4 6, 0, 32;
    %cmp/ne;
    %flag_get/vec4 4;
    %or;
    %load/vec4 v0x56514976c100_0;
    %pad/u 32;
    %pushi/vec4 7, 0, 32;
    %cmp/ne;
    %flag_get/vec4 4;
    %or;
    %flag_set/vec4 8;
    %jmp/0xz  T_9.2, 8;
    %pushi/vec4 3, 0, 5;
    %assign/vec4 v0x56514976d180_0, 0;
    %jmp T_9.3;
T_9.2 ;
    %load/vec4 v0x56514976c100_0;
    %pad/u 32;
    %cmpi/e 6, 0, 32;
    %jmp/0xz  T_9.4, 4;
    %pushi/vec4 7, 0, 5;
    %assign/vec4 v0x56514976d180_0, 0;
    %jmp T_9.5;
T_9.4 ;
    %load/vec4 v0x56514976c100_0;
    %pad/u 32;
    %cmpi/e 7, 0, 32;
    %jmp/0xz  T_9.6, 4;
    %pushi/vec4 9, 0, 5;
    %assign/vec4 v0x56514976d180_0, 0;
    %jmp T_9.7;
T_9.6 ;
    %load/vec4 v0x56514976c2a0_0;
    %pad/u 32;
    %cmpi/ne 0, 0, 32;
    %jmp/0xz  T_9.8, 4;
    %pushi/vec4 5, 0, 5;
    %assign/vec4 v0x56514976d180_0, 0;
T_9.8 ;
T_9.7 ;
T_9.5 ;
T_9.3 ;
T_9.0 ;
    %jmp T_9;
    .thread T_9;
    .scope S_0x565149762e20;
T_10 ;
    %wait E_0x56514974c810;
    %load/vec4 v0x56514976d180_0;
    %cmpi/e 3, 0, 5;
    %jmp/0xz  T_10.0, 4;
    %load/vec4 v0x56514976c460_0;
    %parti/s 1, 5, 4;
    %pad/u 32;
    %cmpi/e 0, 0, 32;
    %jmp/0xz  T_10.2, 4;
    %load/vec4 v0x56514976c100_0;
    %dup/vec4;
    %pushi/vec4 1, 0, 10;
    %cmp/u;
    %jmp/1 T_10.4, 6;
    %dup/vec4;
    %pushi/vec4 2, 0, 10;
    %cmp/u;
    %jmp/1 T_10.5, 6;
    %dup/vec4;
    %pushi/vec4 3, 0, 10;
    %cmp/u;
    %jmp/1 T_10.6, 6;
    %dup/vec4;
    %pushi/vec4 4, 0, 10;
    %cmp/u;
    %jmp/1 T_10.7, 6;
    %dup/vec4;
    %pushi/vec4 5, 0, 10;
    %cmp/u;
    %jmp/1 T_10.8, 6;
    %pushi/vec4 0, 0, 1;
    %load/vec4 v0x56514976cfc0_0;
    %parti/s 31, 1, 2;
    %concat/vec4; draw_concat_vec4
    %assign/vec4 v0x56514976cfc0_0, 0;
    %jmp T_10.10;
T_10.4 ;
    %load/vec4 v0x56514976cfc0_0;
    %parti/s 1, 0, 2;
    %pad/u 2;
    %load/vec4 v0x56514976d0a0_0;
    %parti/s 1, 0, 2;
    %pad/u 2;
    %add;
    %load/vec4 v0x56514976c380_0;
    %add;
    %load/vec4 v0x56514976cfc0_0;
    %parti/s 31, 1, 2;
    %concat/vec4; draw_concat_vec4
    %pad/u 34;
    %split/vec4 32;
    %assign/vec4 v0x56514976cfc0_0, 0;
    %assign/vec4 v0x56514976c380_0, 0;
    %jmp T_10.10;
T_10.5 ;
    %load/vec4 v0x56514976cfc0_0;
    %parti/s 1, 0, 2;
    %pad/u 2;
    %load/vec4 v0x56514976d0a0_0;
    %parti/s 1, 0, 2;
    %pad/u 2;
    %sub;
    %load/vec4 v0x56514976c380_0;
    %sub;
    %load/vec4 v0x56514976cfc0_0;
    %parti/s 31, 1, 2;
    %concat/vec4; draw_concat_vec4
    %pad/u 34;
    %split/vec4 32;
    %assign/vec4 v0x56514976cfc0_0, 0;
    %assign/vec4 v0x56514976c380_0, 0;
    %jmp T_10.10;
T_10.6 ;
    %load/vec4 v0x56514976cfc0_0;
    %parti/s 1, 0, 2;
    %load/vec4 v0x56514976d0a0_0;
    %parti/s 1, 0, 2;
    %xor;
    %load/vec4 v0x56514976cfc0_0;
    %parti/s 31, 1, 2;
    %concat/vec4; draw_concat_vec4
    %assign/vec4 v0x56514976cfc0_0, 0;
    %jmp T_10.10;
T_10.7 ;
    %load/vec4 v0x56514976cfc0_0;
    %parti/s 1, 0, 2;
    %load/vec4 v0x56514976d0a0_0;
    %parti/s 1, 0, 2;
    %or;
    %load/vec4 v0x56514976cfc0_0;
    %parti/s 31, 1, 2;
    %concat/vec4; draw_concat_vec4
    %assign/vec4 v0x56514976cfc0_0, 0;
    %jmp T_10.10;
T_10.8 ;
    %load/vec4 v0x56514976cfc0_0;
    %parti/s 1, 0, 2;
    %load/vec4 v0x56514976d0a0_0;
    %parti/s 1, 0, 2;
    %and;
    %load/vec4 v0x56514976cfc0_0;
    %parti/s 31, 1, 2;
    %concat/vec4; draw_concat_vec4
    %assign/vec4 v0x56514976cfc0_0, 0;
    %jmp T_10.10;
T_10.10 ;
    %pop/vec4 1;
    %pushi/vec4 0, 0, 1;
    %load/vec4 v0x56514976d0a0_0;
    %parti/s 31, 1, 2;
    %concat/vec4; draw_concat_vec4
    %assign/vec4 v0x56514976d0a0_0, 0;
    %load/vec4 v0x56514976c460_0;
    %addi 1, 0, 6;
    %assign/vec4 v0x56514976c460_0, 0;
    %jmp T_10.3;
T_10.2 ;
    %load/vec4 v0x56514976c100_0;
    %dup/vec4;
    %pushi/vec4 1, 0, 10;
    %cmp/u;
    %jmp/1 T_10.11, 6;
    %dup/vec4;
    %pushi/vec4 2, 0, 10;
    %cmp/u;
    %jmp/1 T_10.12, 6;
    %dup/vec4;
    %pushi/vec4 3, 0, 10;
    %cmp/u;
    %jmp/1 T_10.13, 6;
    %dup/vec4;
    %pushi/vec4 4, 0, 10;
    %cmp/u;
    %jmp/1 T_10.14, 6;
    %dup/vec4;
    %pushi/vec4 5, 0, 10;
    %cmp/u;
    %jmp/1 T_10.15, 6;
    %pushi/vec4 0, 0, 1;
    %load/vec4 v0x56514976cfc0_0;
    %parti/s 31, 1, 2;
    %concat/vec4; draw_concat_vec4
    %assign/vec4 v0x56514976cfc0_0, 0;
    %jmp T_10.17;
T_10.11 ;
    %load/vec4 v0x56514976cfc0_0;
    %parti/s 1, 0, 2;
    %pad/u 2;
    %load/vec4 v0x56514976d0a0_0;
    %parti/s 1, 0, 2;
    %pad/u 2;
    %add;
    %load/vec4 v0x56514976c380_0;
    %add;
    %load/vec4 v0x56514976cfc0_0;
    %parti/s 31, 1, 2;
    %concat/vec4; draw_concat_vec4
    %pad/u 34;
    %split/vec4 32;
    %assign/vec4 v0x56514976cfc0_0, 0;
    %assign/vec4 v0x56514976c380_0, 0;
    %jmp T_10.17;
T_10.12 ;
    %load/vec4 v0x56514976cfc0_0;
    %parti/s 1, 0, 2;
    %pad/u 2;
    %load/vec4 v0x56514976d0a0_0;
    %parti/s 1, 0, 2;
    %pad/u 2;
    %sub;
    %load/vec4 v0x56514976c380_0;
    %sub;
    %load/vec4 v0x56514976cfc0_0;
    %parti/s 31, 1, 2;
    %concat/vec4; draw_concat_vec4
    %pad/u 34;
    %split/vec4 32;
    %assign/vec4 v0x56514976cfc0_0, 0;
    %assign/vec4 v0x56514976c380_0, 0;
    %jmp T_10.17;
T_10.13 ;
    %load/vec4 v0x56514976cfc0_0;
    %parti/s 1, 0, 2;
    %load/vec4 v0x56514976d0a0_0;
    %parti/s 1, 0, 2;
    %xor;
    %load/vec4 v0x56514976cfc0_0;
    %parti/s 31, 1, 2;
    %concat/vec4; draw_concat_vec4
    %assign/vec4 v0x56514976cfc0_0, 0;
    %jmp T_10.17;
T_10.14 ;
    %load/vec4 v0x56514976cfc0_0;
    %parti/s 1, 0, 2;
    %load/vec4 v0x56514976d0a0_0;
    %parti/s 1, 0, 2;
    %or;
    %load/vec4 v0x56514976cfc0_0;
    %parti/s 31, 1, 2;
    %concat/vec4; draw_concat_vec4
    %assign/vec4 v0x56514976cfc0_0, 0;
    %jmp T_10.17;
T_10.15 ;
    %load/vec4 v0x56514976cfc0_0;
    %parti/s 1, 0, 2;
    %load/vec4 v0x56514976d0a0_0;
    %parti/s 1, 0, 2;
    %and;
    %load/vec4 v0x56514976cfc0_0;
    %parti/s 31, 1, 2;
    %concat/vec4; draw_concat_vec4
    %assign/vec4 v0x56514976cfc0_0, 0;
    %jmp T_10.17;
T_10.17 ;
    %pop/vec4 1;
    %pushi/vec4 0, 0, 1;
    %load/vec4 v0x56514976d0a0_0;
    %parti/s 31, 1, 2;
    %concat/vec4; draw_concat_vec4
    %assign/vec4 v0x56514976d0a0_0, 0;
    %pushi/vec4 18, 0, 5;
    %assign/vec4 v0x56514976d180_0, 0;
    %pushi/vec4 1, 0, 6;
    %assign/vec4 v0x56514976c460_0, 0;
T_10.3 ;
T_10.0 ;
    %jmp T_10;
    .thread T_10;
    .scope S_0x565149762e20;
T_11 ;
    %wait E_0x56514974c810;
    %load/vec4 v0x56514976d180_0;
    %cmpi/e 5, 0, 5;
    %jmp/0xz  T_11.0, 4;
    %load/vec4 v0x56514976c460_0;
    %parti/s 1, 5, 4;
    %pad/u 32;
    %cmpi/e 0, 0, 32;
    %jmp/0xz  T_11.2, 4;
    %load/vec4 v0x56514976c2a0_0;
    %dup/vec4;
    %pushi/vec4 1, 0, 7;
    %cmp/u;
    %jmp/1 T_11.4, 6;
    %dup/vec4;
    %pushi/vec4 2, 0, 7;
    %cmp/u;
    %jmp/1 T_11.5, 6;
    %jmp T_11.6;
T_11.4 ;
    %load/vec4 v0x56514976c1e0_0;
    %cmpi/e 0, 0, 1;
    %jmp/0xz  T_11.7, 4;
    %load/vec4 v0x56514976c1e0_0;
    %load/vec4 v0x56514976cd40_0;
    %parti/s 1, 0, 2;
    %load/vec4 v0x56514976ce20_0;
    %parti/s 1, 0, 2;
    %cmp/ne;
    %flag_get/vec4 4;
    %add;
    %assign/vec4 v0x56514976c1e0_0, 0;
    %pushi/vec4 0, 0, 1;
    %load/vec4 v0x56514976cd40_0;
    %parti/s 31, 1, 2;
    %concat/vec4; draw_concat_vec4
    %assign/vec4 v0x56514976cd40_0, 0;
    %pushi/vec4 0, 0, 1;
    %load/vec4 v0x56514976ce20_0;
    %parti/s 31, 1, 2;
    %concat/vec4; draw_concat_vec4
    %assign/vec4 v0x56514976ce20_0, 0;
    %jmp T_11.8;
T_11.7 ;
    %pushi/vec4 0, 0, 1;
    %load/vec4 v0x56514976cd40_0;
    %parti/s 31, 1, 2;
    %concat/vec4; draw_concat_vec4
    %assign/vec4 v0x56514976cd40_0, 0;
    %pushi/vec4 0, 0, 1;
    %load/vec4 v0x56514976ce20_0;
    %parti/s 31, 1, 2;
    %concat/vec4; draw_concat_vec4
    %assign/vec4 v0x56514976ce20_0, 0;
T_11.8 ;
    %jmp T_11.6;
T_11.5 ;
    %load/vec4 v0x56514976c1e0_0;
    %cmpi/e 0, 0, 1;
    %jmp/0xz  T_11.9, 4;
    %load/vec4 v0x56514976c1e0_0;
    %load/vec4 v0x56514976cd40_0;
    %parti/s 1, 0, 2;
    %load/vec4 v0x56514976ce20_0;
    %parti/s 1, 0, 2;
    %cmp/e;
    %flag_get/vec4 4;
    %add;
    %assign/vec4 v0x56514976c1e0_0, 0;
    %pushi/vec4 0, 0, 1;
    %load/vec4 v0x56514976cd40_0;
    %parti/s 31, 1, 2;
    %concat/vec4; draw_concat_vec4
    %assign/vec4 v0x56514976cd40_0, 0;
    %pushi/vec4 0, 0, 1;
    %load/vec4 v0x56514976ce20_0;
    %parti/s 31, 1, 2;
    %concat/vec4; draw_concat_vec4
    %assign/vec4 v0x56514976ce20_0, 0;
    %jmp T_11.10;
T_11.9 ;
    %pushi/vec4 0, 0, 1;
    %load/vec4 v0x56514976cd40_0;
    %parti/s 31, 1, 2;
    %concat/vec4; draw_concat_vec4
    %assign/vec4 v0x56514976cd40_0, 0;
    %pushi/vec4 0, 0, 1;
    %load/vec4 v0x56514976ce20_0;
    %parti/s 31, 1, 2;
    %concat/vec4; draw_concat_vec4
    %assign/vec4 v0x56514976ce20_0, 0;
T_11.10 ;
    %jmp T_11.6;
T_11.6 ;
    %pop/vec4 1;
    %load/vec4 v0x56514976c460_0;
    %addi 1, 0, 6;
    %assign/vec4 v0x56514976c460_0, 0;
    %jmp T_11.3;
T_11.2 ;
    %load/vec4 v0x56514976c2a0_0;
    %dup/vec4;
    %pushi/vec4 1, 0, 7;
    %cmp/u;
    %jmp/1 T_11.11, 6;
    %dup/vec4;
    %pushi/vec4 2, 0, 7;
    %cmp/u;
    %jmp/1 T_11.12, 6;
    %jmp T_11.13;
T_11.11 ;
    %load/vec4 v0x56514976c1e0_0;
    %cmpi/e 0, 0, 1;
    %jmp/0xz  T_11.14, 4;
    %load/vec4 v0x56514976c1e0_0;
    %load/vec4 v0x56514976cd40_0;
    %parti/s 1, 0, 2;
    %load/vec4 v0x56514976ce20_0;
    %parti/s 1, 0, 2;
    %cmp/ne;
    %flag_get/vec4 4;
    %add;
    %assign/vec4 v0x56514976c1e0_0, 0;
    %pushi/vec4 0, 0, 1;
    %load/vec4 v0x56514976cd40_0;
    %parti/s 31, 1, 2;
    %concat/vec4; draw_concat_vec4
    %assign/vec4 v0x56514976cd40_0, 0;
    %pushi/vec4 0, 0, 1;
    %load/vec4 v0x56514976ce20_0;
    %parti/s 31, 1, 2;
    %concat/vec4; draw_concat_vec4
    %assign/vec4 v0x56514976ce20_0, 0;
    %jmp T_11.15;
T_11.14 ;
    %pushi/vec4 0, 0, 1;
    %load/vec4 v0x56514976cd40_0;
    %parti/s 31, 1, 2;
    %concat/vec4; draw_concat_vec4
    %assign/vec4 v0x56514976cd40_0, 0;
    %pushi/vec4 0, 0, 1;
    %load/vec4 v0x56514976ce20_0;
    %parti/s 31, 1, 2;
    %concat/vec4; draw_concat_vec4
    %assign/vec4 v0x56514976ce20_0, 0;
T_11.15 ;
    %jmp T_11.13;
T_11.12 ;
    %load/vec4 v0x56514976c1e0_0;
    %cmpi/e 0, 0, 1;
    %jmp/0xz  T_11.16, 4;
    %load/vec4 v0x56514976c1e0_0;
    %load/vec4 v0x56514976cd40_0;
    %parti/s 1, 0, 2;
    %load/vec4 v0x56514976ce20_0;
    %parti/s 1, 0, 2;
    %cmp/e;
    %flag_get/vec4 4;
    %add;
    %assign/vec4 v0x56514976c1e0_0, 0;
    %pushi/vec4 0, 0, 1;
    %load/vec4 v0x56514976cd40_0;
    %parti/s 31, 1, 2;
    %concat/vec4; draw_concat_vec4
    %assign/vec4 v0x56514976cd40_0, 0;
    %pushi/vec4 0, 0, 1;
    %load/vec4 v0x56514976ce20_0;
    %parti/s 31, 1, 2;
    %concat/vec4; draw_concat_vec4
    %assign/vec4 v0x56514976ce20_0, 0;
    %jmp T_11.17;
T_11.16 ;
    %pushi/vec4 0, 0, 1;
    %load/vec4 v0x56514976cd40_0;
    %parti/s 31, 1, 2;
    %concat/vec4; draw_concat_vec4
    %assign/vec4 v0x56514976cd40_0, 0;
    %pushi/vec4 0, 0, 1;
    %load/vec4 v0x56514976ce20_0;
    %parti/s 31, 1, 2;
    %concat/vec4; draw_concat_vec4
    %assign/vec4 v0x56514976ce20_0, 0;
T_11.17 ;
    %jmp T_11.13;
T_11.13 ;
    %pop/vec4 1;
    %pushi/vec4 0, 0, 5;
    %assign/vec4 v0x56514976d180_0, 0;
    %pushi/vec4 1, 0, 6;
    %assign/vec4 v0x56514976c460_0, 0;
T_11.3 ;
T_11.0 ;
    %jmp T_11;
    .thread T_11;
    .scope S_0x565149762e20;
T_12 ;
    %wait E_0x56514974c810;
    %load/vec4 v0x56514976d180_0;
    %cmpi/e 18, 0, 5;
    %jmp/0xz  T_12.0, 4;
    %load/vec4 v0x56514976cfc0_0;
    %assign/vec4 v0x56514976cb80_0, 0;
    %pushi/vec4 0, 0, 32;
    %assign/vec4 v0x56514976cfc0_0, 0;
    %pushi/vec4 0, 0, 5;
    %assign/vec4 v0x56514976d180_0, 0;
T_12.0 ;
    %jmp T_12;
    .thread T_12;
    .scope S_0x565149762e20;
T_13 ;
    %wait E_0x56514974c810;
    %load/vec4 v0x56514976cf00_0;
    %flag_set/vec4 8;
    %jmp/0xz  T_13.0, 8;
    %pushi/vec4 0, 0, 1;
    %assign/vec4 v0x56514976c540_0, 0;
    %jmp T_13.1;
T_13.0 ;
    %load/vec4 v0x56514976df30_0;
    %cmpi/e 127, 0, 7;
    %jmp/0xz  T_13.2, 4;
    %pushi/vec4 1, 0, 1;
    %assign/vec4 v0x56514976c540_0, 0;
T_13.2 ;
T_13.1 ;
    %jmp T_13;
    .thread T_13;
    .scope S_0x565149762e20;
T_14 ;
    %wait E_0x56514974c810;
    %load/vec4 v0x56514976cf00_0;
    %flag_set/vec4 8;
    %jmp/0xz  T_14.0, 8;
    %pushi/vec4 0, 0, 32;
    %assign/vec4 v0x56514976cc60_0, 0;
    %jmp T_14.1;
T_14.0 ;
    %load/vec4 v0x56514976cc60_0;
    %assign/vec4 v0x56514976cc60_0, 0;
T_14.1 ;
    %jmp T_14;
    .thread T_14;
    .scope S_0x56514970ea70;
T_15 ;
    %wait E_0x56514974c810;
    %load/vec4 v0x565149762940_0;
    %flag_set/vec4 8;
    %jmp/0xz  T_15.0, 8;
    %load/vec4 v0x565149762590_0;
    %load/vec4 v0x565149762810_0;
    %pad/u 8;
    %ix/vec4 3;
    %ix/load 4, 0, 0; Constant delay
    %assign/vec4/a/d v0x565149762ca0, 0, 4;
T_15.0 ;
    %jmp T_15;
    .thread T_15;
    .scope S_0x565149706f10;
T_16 ;
    %wait E_0x56514974c810;
    %load/vec4 v0x56514972c650_0;
    %flag_set/vec4 8;
    %jmp/0xz  T_16.0, 8;
    %load/vec4 v0x565149761e60_0;
    %parti/s 1, 0, 2;
    %flag_set/vec4 8;
    %jmp/0xz  T_16.2, 8;
    %load/vec4 v0x565149744f30_0;
    %parti/s 8, 0, 2;
    %load/vec4 v0x56514973fa40_0;
    %pad/u 8;
    %ix/vec4 3;
    %ix/load 4, 0, 0; Constant delay
    %assign/vec4/a/d v0x565149762020, 0, 4;
T_16.2 ;
    %load/vec4 v0x565149761e60_0;
    %parti/s 1, 1, 2;
    %flag_set/vec4 8;
    %jmp/0xz  T_16.4, 8;
    %load/vec4 v0x565149744f30_0;
    %parti/s 8, 8, 5;
    %load/vec4 v0x56514973fa40_0;
    %pad/u 8;
    %ix/vec4 3;
    %ix/load 4, 8, 0; part off
    %ix/load 5, 0, 0; Constant delay
    %assign/vec4/a/d v0x565149762020, 4, 5;
T_16.4 ;
    %load/vec4 v0x565149761e60_0;
    %parti/s 1, 2, 3;
    %flag_set/vec4 8;
    %jmp/0xz  T_16.6, 8;
    %load/vec4 v0x565149744f30_0;
    %parti/s 8, 16, 6;
    %load/vec4 v0x56514973fa40_0;
    %pad/u 8;
    %ix/vec4 3;
    %ix/load 4, 16, 0; part off
    %ix/load 5, 0, 0; Constant delay
    %assign/vec4/a/d v0x565149762020, 4, 5;
T_16.6 ;
    %load/vec4 v0x565149761e60_0;
    %parti/s 1, 3, 3;
    %flag_set/vec4 8;
    %jmp/0xz  T_16.8, 8;
    %load/vec4 v0x565149744f30_0;
    %parti/s 8, 24, 6;
    %load/vec4 v0x56514973fa40_0;
    %pad/u 8;
    %ix/vec4 3;
    %ix/load 4, 24, 0; part off
    %ix/load 5, 0, 0; Constant delay
    %assign/vec4/a/d v0x565149762020, 4, 5;
T_16.8 ;
    %load/vec4 v0x56514973fa40_0;
    %pad/u 8;
    %ix/vec4 4;
    %load/vec4a v0x565149762020, 4;
    %assign/vec4 v0x565149761ca0_0, 0;
T_16.0 ;
    %jmp T_16;
    .thread T_16;
    .scope S_0x565149706f10;
T_17 ;
    %wait E_0x56514974c810;
    %load/vec4 v0x565149742630_0;
    %flag_set/vec4 8;
    %jmp/0xz  T_17.0, 8;
    %load/vec4 v0x565149761f40_0;
    %parti/s 1, 0, 2;
    %flag_set/vec4 8;
    %jmp/0xz  T_17.2, 8;
    %load/vec4 v0x565149761bc0_0;
    %parti/s 8, 0, 2;
    %load/vec4 v0x565149740110_0;
    %pad/u 8;
    %ix/vec4 3;
    %ix/load 4, 0, 0; Constant delay
    %assign/vec4/a/d v0x565149762020, 0, 4;
T_17.2 ;
    %load/vec4 v0x565149761f40_0;
    %parti/s 1, 1, 2;
    %flag_set/vec4 8;
    %jmp/0xz  T_17.4, 8;
    %load/vec4 v0x565149761bc0_0;
    %parti/s 8, 8, 5;
    %load/vec4 v0x565149740110_0;
    %pad/u 8;
    %ix/vec4 3;
    %ix/load 4, 8, 0; part off
    %ix/load 5, 0, 0; Constant delay
    %assign/vec4/a/d v0x565149762020, 4, 5;
T_17.4 ;
    %load/vec4 v0x565149761f40_0;
    %parti/s 1, 2, 3;
    %flag_set/vec4 8;
    %jmp/0xz  T_17.6, 8;
    %load/vec4 v0x565149761bc0_0;
    %parti/s 8, 16, 6;
    %load/vec4 v0x565149740110_0;
    %pad/u 8;
    %ix/vec4 3;
    %ix/load 4, 16, 0; part off
    %ix/load 5, 0, 0; Constant delay
    %assign/vec4/a/d v0x565149762020, 4, 5;
T_17.6 ;
    %load/vec4 v0x565149761f40_0;
    %parti/s 1, 3, 3;
    %flag_set/vec4 8;
    %jmp/0xz  T_17.8, 8;
    %load/vec4 v0x565149761bc0_0;
    %parti/s 8, 24, 6;
    %load/vec4 v0x565149740110_0;
    %pad/u 8;
    %ix/vec4 3;
    %ix/load 4, 24, 0; part off
    %ix/load 5, 0, 0; Constant delay
    %assign/vec4/a/d v0x565149762020, 4, 5;
T_17.8 ;
    %load/vec4 v0x565149740110_0;
    %pad/u 8;
    %ix/vec4 4;
    %load/vec4a v0x565149762020, 4;
    %assign/vec4 v0x565149761d80_0, 0;
T_17.0 ;
    %jmp T_17;
    .thread T_17;
    .scope S_0x56514974a930;
T_18 ;
    %pushi/vec4 0, 0, 1;
    %store/vec4 v0x56514976ea90_0, 0, 1;
    %pushi/vec4 0, 0, 1;
    %store/vec4 v0x56514976ec10_0, 0, 1;
    %end;
    .thread T_18;
    .scope S_0x56514974a930;
T_19 ;
T_19.0 ;
    %delay 50, 0;
    %load/vec4 v0x56514976ea90_0;
    %inv;
    %store/vec4 v0x56514976ea90_0, 0, 1;
    %jmp T_19.0;
    %end;
    .thread T_19;
    .scope S_0x56514974a930;
T_20 ;
    %wait E_0x56514974c810;
    %load/vec4 v0x56514976ec10_0;
    %pushi/vec4 0, 0, 1;
    %or;
    %assign/vec4 v0x56514976eb50_0, 0;
    %jmp T_20;
    .thread T_20;
    .scope S_0x56514974a930;
T_21 ;
    %pushi/vec4 2130355, 0, 32;
    %ix/load 4, 0, 0;
    %flag_set/imm 4, 0;
    %store/vec4a v0x565149762ca0, 4, 0;
    %pushi/vec4 1075872179, 0, 32;
    %ix/load 4, 1, 0;
    %flag_set/imm 4, 0;
    %store/vec4a v0x565149762ca0, 4, 0;
    %pushi/vec4 2146739, 0, 32;
    %ix/load 4, 2, 0;
    %flag_set/imm 4, 0;
    %store/vec4a v0x565149762ca0, 4, 0;
    %pushi/vec4 2154931, 0, 32;
    %ix/load 4, 3, 0;
    %flag_set/imm 4, 0;
    %store/vec4a v0x565149762ca0, 4, 0;
    %pushi/vec4 2159027, 0, 32;
    %ix/load 4, 4, 0;
    %flag_set/imm 4, 0;
    %store/vec4a v0x565149762ca0, 4, 0;
    %pushi/vec4 4266790115, 0, 32;
    %ix/load 4, 5, 0;
    %flag_set/imm 4, 0;
    %store/vec4a v0x565149762ca0, 4, 0;
    %pushi/vec4 13, 0, 32;
    %ix/load 4, 1, 0;
    %flag_set/imm 4, 0;
    %store/vec4a v0x56514976b530, 4, 0;
    %pushi/vec4 15, 0, 32;
    %ix/load 4, 2, 0;
    %flag_set/imm 4, 0;
    %store/vec4a v0x56514976b530, 4, 0;
    %pushi/vec4 0, 0, 32;
    %ix/load 4, 4, 0;
    %flag_set/imm 4, 0;
    %store/vec4a v0x56514976b530, 4, 0;
    %pushi/vec4 0, 0, 32;
    %ix/load 4, 5, 0;
    %flag_set/imm 4, 0;
    %store/vec4a v0x56514976b530, 4, 0;
    %end;
    .thread T_21;
    .scope S_0x56514974a930;
T_22 ;
    %delay 51, 0;
    %vpi_call 2 67 "$write", "r_pc:%b\012", v0x56514976c920_0 {0 0 0};
    %end;
    .thread T_22;
    .scope S_0x56514974a930;
T_23 ;
    %delay 151, 0;
    %vpi_call 2 68 "$write", "r_pc:%b\012", v0x56514976c920_0 {0 0 0};
    %end;
    .thread T_23;
    .scope S_0x56514974a930;
T_24 ;
    %delay 6750, 0;
    %vpi_call 2 69 "$write", "r_result:%b\012", v0x56514976cb80_0 {0 0 0};
    %end;
    .thread T_24;
    .scope S_0x56514974a930;
T_25 ;
    %delay 6751, 0;
    %vpi_call 2 70 "$write", "r_pc:%b\012", v0x56514976c920_0 {0 0 0};
    %end;
    .thread T_25;
    .scope S_0x56514974a930;
T_26 ;
    %delay 6851, 0;
    %vpi_call 2 71 "$write", "r_pc:%b\012", v0x56514976c920_0 {0 0 0};
    %end;
    .thread T_26;
    .scope S_0x56514974a930;
T_27 ;
    %delay 13450, 0;
    %vpi_call 2 72 "$write", "r_result:%b\012", v0x56514976cb80_0 {0 0 0};
    %end;
    .thread T_27;
    .scope S_0x56514974a930;
T_28 ;
    %delay 20150, 0;
    %vpi_call 2 73 "$write", "r_result:%b\012", v0x56514976cb80_0 {0 0 0};
    %end;
    .thread T_28;
    .scope S_0x56514974a930;
T_29 ;
    %delay 26850, 0;
    %vpi_call 2 74 "$write", "r_result:%b\012", v0x56514976cb80_0 {0 0 0};
    %end;
    .thread T_29;
    .scope S_0x56514974a930;
T_30 ;
    %delay 33550, 0;
    %vpi_call 2 75 "$write", "r_result:%b\012", v0x56514976cb80_0 {0 0 0};
    %end;
    .thread T_30;
    .scope S_0x56514974a930;
T_31 ;
    %delay 33550, 0;
    %vpi_call 2 76 "$write", "w_ir:%b\012", v0x56514976dd30_0 {0 0 0};
    %end;
    .thread T_31;
    .scope S_0x56514974a930;
T_32 ;
    %delay 33551, 0;
    %vpi_call 2 77 "$write", "r_bru_ctrl:%b\012", v0x56514976c2a0_0 {0 0 0};
    %end;
    .thread T_32;
    .scope S_0x56514974a930;
T_33 ;
    %delay 33551, 0;
    %vpi_call 2 78 "$write", "r_imm:%b\012", v0x56514976c600_0 {0 0 0};
    %end;
    .thread T_33;
    .scope S_0x56514974a930;
T_34 ;
    %delay 33551, 0;
    %vpi_call 2 79 "$write", "r_pc:%b\012", v0x56514976c920_0 {0 0 0};
    %end;
    .thread T_34;
    .scope S_0x56514974a930;
T_35 ;
    %delay 33651, 0;
    %vpi_call 2 80 "$write", "r_pc:%b\012", v0x56514976c920_0 {0 0 0};
    %end;
    .thread T_35;
    .scope S_0x56514974a930;
T_36 ;
    %delay 40251, 0;
    %vpi_call 2 81 "$write", "r_pc:%b\012", v0x56514976c920_0 {0 0 0};
    %end;
    .thread T_36;
    .scope S_0x56514974a930;
T_37 ;
    %delay 40351, 0;
    %vpi_call 2 82 "$write", "r_pc:%b\012", v0x56514976c920_0 {0 0 0};
    %end;
    .thread T_37;
    .scope S_0x56514974a930;
T_38 ;
    %delay 40351, 0;
    %vpi_call 2 84 "$finish" {0 0 0};
    %end;
    .thread T_38;
# The file index is used to find the file name in the following table.
:file_names 4;
    "N/A";
    "<interactive>";
    "tb.v";
    "proc.v";
